[ 2017-03-14T00:00:11+08:00 ] 127.0.0.1 /statics/css/bootstrap.min.css.map
NOTIC: [8192] preg_replace(): The /e modifier is deprecated, use preg_replace_callback instead D:\phpStudy2016\WWW\tp3.1\tp\ThinkPHP\Common\common.php 第 217 行.
INFO: [ app_begin ] --START--
INFO: ReadHtmlCache Behavior ::run [ RunTime:0.001000s ]
INFO: [ app_begin ] --END-- [ RunTime:0.001000s ]
ERR: 无法加载模块:Statics

[ 2017-03-14T00:00:15+08:00 ] 127.0.0.1 /index.php/admin/rule/setStatus.shtml
INFO: [ app_begin ] --START--
INFO: ReadHtmlCache Behavior ::run [ RunTime:0.001000s ]
INFO: [ app_begin ] --END-- [ RunTime:0.002000s ]
NOTIC: [8192] mysql_connect(): The mysql extension is deprecated and will be removed in the future: use mysqli or PDO instead D:\phpStudy2016\WWW\tp3.1\tp\ThinkPHP\Lib\Driver\Db\DbMysql.class.php 第 55 行.
SQL: SHOW COLUMNS FROM `think_rule` [ RunTime:0.027002s ]
NOTIC: [8192] preg_replace(): The /e modifier is deprecated, use preg_replace_callback instead D:\phpStudy2016\WWW\tp3.1\tp\ThinkPHP\Lib\Core\Db.class.php 第 605 行.
SQL: SELECT * FROM `think_rule` WHERE ( `id` = 4 ) LIMIT 1   [ RunTime:0.000000s ]
SQL: UPDATE `think_rule` SET `status`=1 WHERE ( id=4 ) [ RunTime:0.001000s ]
NOTIC: [2] Missing argument 2 for toJson(), called in D:\phpStudy2016\WWW\tp3.1\APP\Modules\Admin\Action\BaseAction.class.php on line 22 and defined D:\phpStudy2016\WWW\tp3.1\APP\Common\common.php 第 42 行.

[ 2017-03-14T00:00:20+08:00 ] 127.0.0.1 /statics/css/bootstrap.min.css.map
NOTIC: [8192] preg_replace(): The /e modifier is deprecated, use preg_replace_callback instead D:\phpStudy2016\WWW\tp3.1\tp\ThinkPHP\Common\common.php 第 217 行.
INFO: [ app_begin ] --START--
INFO: ReadHtmlCache Behavior ::run [ RunTime:0.001000s ]
INFO: [ app_begin ] --END-- [ RunTime:0.001000s ]
ERR: 无法加载模块:Statics

[ 2017-03-14T00:02:30+08:00 ] 127.0.0.1 /statics/css/bootstrap.min.css.map
NOTIC: [8192] preg_replace(): The /e modifier is deprecated, use preg_replace_callback instead D:\phpStudy2016\WWW\tp3.1\tp\ThinkPHP\Common\common.php 第 217 行.
INFO: [ app_begin ] --START--
INFO: ReadHtmlCache Behavior ::run [ RunTime:0.000000s ]
INFO: [ app_begin ] --END-- [ RunTime:0.001000s ]
ERR: 无法加载模块:Statics

[ 2017-03-14T00:02:34+08:00 ] 127.0.0.1 /index.php/admin/rule/setStatus.shtml
INFO: [ app_begin ] --START--
INFO: ReadHtmlCache Behavior ::run [ RunTime:0.001000s ]
INFO: [ app_begin ] --END-- [ RunTime:0.001000s ]
NOTIC: [8192] mysql_connect(): The mysql extension is deprecated and will be removed in the future: use mysqli or PDO instead D:\phpStudy2016\WWW\tp3.1\tp\ThinkPHP\Lib\Driver\Db\DbMysql.class.php 第 55 行.
SQL: SHOW COLUMNS FROM `think_rule` [ RunTime:0.009001s ]
NOTIC: [8192] preg_replace(): The /e modifier is deprecated, use preg_replace_callback instead D:\phpStudy2016\WWW\tp3.1\tp\ThinkPHP\Lib\Core\Db.class.php 第 605 行.
SQL: SELECT * FROM `think_rule` WHERE ( `id` = 1 ) LIMIT 1   [ RunTime:0.001000s ]
SQL: UPDATE `think_rule` SET `status`=1 WHERE ( id=1 ) [ RunTime:0.000000s ]
NOTIC: [2] Missing argument 2 for toJson(), called in D:\phpStudy2016\WWW\tp3.1\APP\Modules\Admin\Action\BaseAction.class.php on line 22 and defined D:\phpStudy2016\WWW\tp3.1\APP\Common\common.php 第 42 行.

[ 2017-03-14T00:02:59+08:00 ] 127.0.0.1 /statics/css/bootstrap.min.css.map
NOTIC: [8192] preg_replace(): The /e modifier is deprecated, use preg_replace_callback instead D:\phpStudy2016\WWW\tp3.1\tp\ThinkPHP\Common\common.php 第 217 行.
INFO: [ app_begin ] --START--
INFO: ReadHtmlCache Behavior ::run [ RunTime:0.000000s ]
INFO: [ app_begin ] --END-- [ RunTime:0.001000s ]
ERR: 无法加载模块:Statics

[ 2017-03-14T00:03:03+08:00 ] 127.0.0.1 /index.php/admin/rule/setStatus.shtml
INFO: [ app_begin ] --START--
INFO: ReadHtmlCache Behavior ::run [ RunTime:0.001000s ]
INFO: [ app_begin ] --END-- [ RunTime:0.001000s ]
NOTIC: [8192] mysql_connect(): The mysql extension is deprecated and will be removed in the future: use mysqli or PDO instead D:\phpStudy2016\WWW\tp3.1\tp\ThinkPHP\Lib\Driver\Db\DbMysql.class.php 第 55 行.
SQL: SHOW COLUMNS FROM `think_rule` [ RunTime:0.010000s ]
NOTIC: [8192] preg_replace(): The /e modifier is deprecated, use preg_replace_callback instead D:\phpStudy2016\WWW\tp3.1\tp\ThinkPHP\Lib\Core\Db.class.php 第 605 行.
SQL: SELECT * FROM `think_rule` WHERE ( `id` = 1 ) LIMIT 1   [ RunTime:0.002000s ]
SQL: UPDATE `think_rule` SET `status`=0 WHERE ( id=1 ) [ RunTime:0.001001s ]
NOTIC: [2] Missing argument 2 for toJson(), called in D:\phpStudy2016\WWW\tp3.1\APP\Modules\Admin\Action\BaseAction.class.php on line 22 and defined D:\phpStudy2016\WWW\tp3.1\APP\Common\common.php 第 42 行.

[ 2017-03-14T00:04:28+08:00 ] 127.0.0.1 /statics/css/bootstrap.min.css.map
NOTIC: [8192] preg_replace(): The /e modifier is deprecated, use preg_replace_callback instead D:\phpStudy2016\WWW\tp3.1\tp\ThinkPHP\Common\common.php 第 217 行.
INFO: [ app_begin ] --START--
INFO: ReadHtmlCache Behavior ::run [ RunTime:0.001000s ]
INFO: [ app_begin ] --END-- [ RunTime:0.001000s ]
ERR: 无法加载模块:Statics

[ 2017-03-14T00:04:34+08:00 ] 127.0.0.1 /statics/css/bootstrap.min.css.map
NOTIC: [8192] preg_replace(): The /e modifier is deprecated, use preg_replace_callback instead D:\phpStudy2016\WWW\tp3.1\tp\ThinkPHP\Common\common.php 第 217 行.
INFO: [ app_begin ] --START--
INFO: ReadHtmlCache Behavior ::run [ RunTime:0.000000s ]
INFO: [ app_begin ] --END-- [ RunTime:0.001000s ]
ERR: 无法加载模块:Statics

[ 2017-03-14T00:05:22+08:00 ] 127.0.0.1 /statics/css/bootstrap.min.css.map
NOTIC: [8192] preg_replace(): The /e modifier is deprecated, use preg_replace_callback instead D:\phpStudy2016\WWW\tp3.1\tp\ThinkPHP\Common\common.php 第 217 行.
INFO: [ app_begin ] --START--
INFO: ReadHtmlCache Behavior ::run [ RunTime:0.001000s ]
INFO: [ app_begin ] --END-- [ RunTime:0.001000s ]
ERR: 无法加载模块:Statics

[ 2017-03-14T00:23:52+08:00 ] 127.0.0.1 /statics/css/bootstrap.min.css.map
NOTIC: [8192] preg_replace(): The /e modifier is deprecated, use preg_replace_callback instead D:\phpStudy2016\WWW\tp3.1\tp\ThinkPHP\Common\common.php 第 217 行.
INFO: [ app_begin ] --START--
INFO: ReadHtmlCache Behavior ::run [ RunTime:0.000000s ]
INFO: [ app_begin ] --END-- [ RunTime:0.000000s ]
ERR: 无法加载模块:Statics

[ 2017-03-14T00:24:17+08:00 ] 127.0.0.1 /statics/css/bootstrap.min.css.map
NOTIC: [8192] preg_replace(): The /e modifier is deprecated, use preg_replace_callback instead D:\phpStudy2016\WWW\tp3.1\tp\ThinkPHP\Common\common.php 第 217 行.
INFO: [ app_begin ] --START--
INFO: ReadHtmlCache Behavior ::run [ RunTime:0.001000s ]
INFO: [ app_begin ] --END-- [ RunTime:0.001000s ]
ERR: 无法加载模块:Statics

[ 2017-03-14T00:24:42+08:00 ] 127.0.0.1 /statics/css/bootstrap.min.css.map
NOTIC: [8192] preg_replace(): The /e modifier is deprecated, use preg_replace_callback instead D:\phpStudy2016\WWW\tp3.1\tp\ThinkPHP\Common\common.php 第 217 行.
INFO: [ app_begin ] --START--
INFO: ReadHtmlCache Behavior ::run [ RunTime:0.001000s ]
INFO: [ app_begin ] --END-- [ RunTime:0.001000s ]
ERR: 无法加载模块:Statics

[ 2017-03-14T00:25:40+08:00 ] 127.0.0.1 /statics/css/bootstrap.min.css.map
NOTIC: [8192] preg_replace(): The /e modifier is deprecated, use preg_replace_callback instead D:\phpStudy2016\WWW\tp3.1\tp\ThinkPHP\Common\common.php 第 217 行.
INFO: [ app_begin ] --START--
INFO: ReadHtmlCache Behavior ::run [ RunTime:0.001000s ]
INFO: [ app_begin ] --END-- [ RunTime:0.001000s ]
ERR: 无法加载模块:Statics

[ 2017-03-14T00:26:35+08:00 ] 127.0.0.1 /statics/css/bootstrap.min.css.map
NOTIC: [8192] preg_replace(): The /e modifier is deprecated, use preg_replace_callback instead D:\phpStudy2016\WWW\tp3.1\tp\ThinkPHP\Common\common.php 第 217 行.
INFO: [ app_begin ] --START--
INFO: ReadHtmlCache Behavior ::run [ RunTime:0.001000s ]
INFO: [ app_begin ] --END-- [ RunTime:0.001000s ]
ERR: 无法加载模块:Statics

[ 2017-03-14T00:27:05+08:00 ] 127.0.0.1 /statics/css/bootstrap.min.css.map
NOTIC: [8192] preg_replace(): The /e modifier is deprecated, use preg_replace_callback instead D:\phpStudy2016\WWW\tp3.1\tp\ThinkPHP\Common\common.php 第 217 行.
INFO: [ app_begin ] --START--
INFO: ReadHtmlCache Behavior ::run [ RunTime:0.001001s ]
INFO: [ app_begin ] --END-- [ RunTime:0.001001s ]
ERR: 无法加载模块:Statics

[ 2017-03-14T00:27:15+08:00 ] 127.0.0.1 /statics/css/bootstrap.min.css.map
NOTIC: [8192] preg_replace(): The /e modifier is deprecated, use preg_replace_callback instead D:\phpStudy2016\WWW\tp3.1\tp\ThinkPHP\Common\common.php 第 217 行.
INFO: [ app_begin ] --START--
INFO: ReadHtmlCache Behavior ::run [ RunTime:0.001000s ]
INFO: [ app_begin ] --END-- [ RunTime:0.001000s ]
ERR: 无法加载模块:Statics

[ 2017-03-14T00:27:50+08:00 ] 127.0.0.1 /statics/css/bootstrap.min.css.map
NOTIC: [8192] preg_replace(): The /e modifier is deprecated, use preg_replace_callback instead D:\phpStudy2016\WWW\tp3.1\tp\ThinkPHP\Common\common.php 第 217 行.
INFO: [ app_begin ] --START--
INFO: ReadHtmlCache Behavior ::run [ RunTime:0.001000s ]
INFO: [ app_begin ] --END-- [ RunTime:0.001000s ]
ERR: 无法加载模块:Statics

[ 2017-03-14T00:29:22+08:00 ] 127.0.0.1 /statics/css/bootstrap.min.css.map
NOTIC: [8192] preg_replace(): The /e modifier is deprecated, use preg_replace_callback instead D:\phpStudy2016\WWW\tp3.1\tp\ThinkPHP\Common\common.php 第 217 行.
INFO: [ app_begin ] --START--
INFO: ReadHtmlCache Behavior ::run [ RunTime:0.001000s ]
INFO: [ app_begin ] --END-- [ RunTime:0.001000s ]
ERR: 无法加载模块:Statics

[ 2017-03-14T00:29:27+08:00 ] 127.0.0.1 /index.php/admin/rule/setStatus.shtml
INFO: [ app_begin ] --START--
INFO: ReadHtmlCache Behavior ::run [ RunTime:0.001000s ]
INFO: [ app_begin ] --END-- [ RunTime:0.001000s ]
NOTIC: [8192] mysql_connect(): The mysql extension is deprecated and will be removed in the future: use mysqli or PDO instead D:\phpStudy2016\WWW\tp3.1\tp\ThinkPHP\Lib\Driver\Db\DbMysql.class.php 第 55 行.
SQL: SHOW COLUMNS FROM `think_rule` [ RunTime:0.009000s ]
NOTIC: [8192] preg_replace(): The /e modifier is deprecated, use preg_replace_callback instead D:\phpStudy2016\WWW\tp3.1\tp\ThinkPHP\Lib\Core\Db.class.php 第 605 行.
SQL: SELECT * FROM `think_rule` WHERE ( `id` = 1 ) LIMIT 1   [ RunTime:0.001000s ]
SQL: UPDATE `think_rule` SET `status`=1 WHERE ( id=1 ) [ RunTime:0.000000s ]
NOTIC: [2] Missing argument 2 for toJson(), called in D:\phpStudy2016\WWW\tp3.1\APP\Modules\Admin\Action\BaseAction.class.php on line 22 and defined D:\phpStudy2016\WWW\tp3.1\APP\Common\common.php 第 42 行.
NOTIC: [2] Missing argument 3 for toJson(), called in D:\phpStudy2016\WWW\tp3.1\APP\Modules\Admin\Action\BaseAction.class.php on line 22 and defined D:\phpStudy2016\WWW\tp3.1\APP\Common\common.php 第 42 行.

[ 2017-03-14T00:29:32+08:00 ] 127.0.0.1 /index.php/admin/rule/setStatus.shtml
INFO: [ app_begin ] --START--
INFO: ReadHtmlCache Behavior ::run [ RunTime:0.002000s ]
INFO: [ app_begin ] --END-- [ RunTime:0.002000s ]
NOTIC: [8192] mysql_connect(): The mysql extension is deprecated and will be removed in the future: use mysqli or PDO instead D:\phpStudy2016\WWW\tp3.1\tp\ThinkPHP\Lib\Driver\Db\DbMysql.class.php 第 55 行.
SQL: SHOW COLUMNS FROM `think_rule` [ RunTime:0.012001s ]
NOTIC: [8192] preg_replace(): The /e modifier is deprecated, use preg_replace_callback instead D:\phpStudy2016\WWW\tp3.1\tp\ThinkPHP\Lib\Core\Db.class.php 第 605 行.
SQL: SELECT * FROM `think_rule` WHERE ( `id` = 1 ) LIMIT 1   [ RunTime:0.001000s ]
SQL: UPDATE `think_rule` SET `status`=0 WHERE ( id=1 ) [ RunTime:0.000000s ]
NOTIC: [2] Missing argument 2 for toJson(), called in D:\phpStudy2016\WWW\tp3.1\APP\Modules\Admin\Action\BaseAction.class.php on line 22 and defined D:\phpStudy2016\WWW\tp3.1\APP\Common\common.php 第 42 行.
NOTIC: [2] Missing argument 3 for toJson(), called in D:\phpStudy2016\WWW\tp3.1\APP\Modules\Admin\Action\BaseAction.class.php on line 22 and defined D:\phpStudy2016\WWW\tp3.1\APP\Common\common.php 第 42 行.

[ 2017-03-14T00:33:38+08:00 ] 127.0.0.1 /statics/css/bootstrap.min.css.map
NOTIC: [8192] preg_replace(): The /e modifier is deprecated, use preg_replace_callback instead D:\phpStudy2016\WWW\tp3.1\tp\ThinkPHP\Common\common.php 第 217 行.
INFO: [ app_begin ] --START--
INFO: ReadHtmlCache Behavior ::run [ RunTime:0.001000s ]
INFO: [ app_begin ] --END-- [ RunTime:0.001000s ]
ERR: 无法加载模块:Statics

[ 2017-03-14T00:33:43+08:00 ] 127.0.0.1 /index.php/admin/rule/setStatus.shtml
INFO: [ app_begin ] --START--
INFO: ReadHtmlCache Behavior ::run [ RunTime:0.001000s ]
INFO: [ app_begin ] --END-- [ RunTime:0.001000s ]
NOTIC: [8192] mysql_connect(): The mysql extension is deprecated and will be removed in the future: use mysqli or PDO instead D:\phpStudy2016\WWW\tp3.1\tp\ThinkPHP\Lib\Driver\Db\DbMysql.class.php 第 55 行.
SQL: SHOW COLUMNS FROM `think_rule` [ RunTime:0.009000s ]
NOTIC: [8192] preg_replace(): The /e modifier is deprecated, use preg_replace_callback instead D:\phpStudy2016\WWW\tp3.1\tp\ThinkPHP\Lib\Core\Db.class.php 第 605 行.
SQL: SELECT * FROM `think_rule` WHERE ( `id` = 1 ) LIMIT 1   [ RunTime:0.001000s ]
SQL: UPDATE `think_rule` SET `status`=1 WHERE ( id=1 ) [ RunTime:0.001000s ]

[ 2017-03-14T00:34:01+08:00 ] 127.0.0.1 /index.php/admin/rule/setStatus.shtml
INFO: [ app_begin ] --START--
INFO: ReadHtmlCache Behavior ::run [ RunTime:0.002000s ]
INFO: [ app_begin ] --END-- [ RunTime:0.002000s ]
NOTIC: [8192] mysql_connect(): The mysql extension is deprecated and will be removed in the future: use mysqli or PDO instead D:\phpStudy2016\WWW\tp3.1\tp\ThinkPHP\Lib\Driver\Db\DbMysql.class.php 第 55 行.
SQL: SHOW COLUMNS FROM `think_rule` [ RunTime:0.010001s ]
NOTIC: [8192] preg_replace(): The /e modifier is deprecated, use preg_replace_callback instead D:\phpStudy2016\WWW\tp3.1\tp\ThinkPHP\Lib\Core\Db.class.php 第 605 行.
SQL: SELECT * FROM `think_rule` WHERE ( `id` = 1 ) LIMIT 1   [ RunTime:0.001000s ]
SQL: UPDATE `think_rule` SET `status`=0 WHERE ( id=1 ) [ RunTime:0.001000s ]

[ 2017-03-14T00:34:53+08:00 ] 127.0.0.1 /index.php/admin/rule/setStatus.shtml
INFO: [ app_begin ] --START--
INFO: ReadHtmlCache Behavior ::run [ RunTime:0.001000s ]
INFO: [ app_begin ] --END-- [ RunTime:0.001000s ]
NOTIC: [8192] mysql_connect(): The mysql extension is deprecated and will be removed in the future: use mysqli or PDO instead D:\phpStudy2016\WWW\tp3.1\tp\ThinkPHP\Lib\Driver\Db\DbMysql.class.php 第 55 行.
SQL: SHOW COLUMNS FROM `think_rule` [ RunTime:0.015001s ]
NOTIC: [8192] preg_replace(): The /e modifier is deprecated, use preg_replace_callback instead D:\phpStudy2016\WWW\tp3.1\tp\ThinkPHP\Lib\Core\Db.class.php 第 605 行.
SQL: SELECT * FROM `think_rule` WHERE ( `id` = 1 ) LIMIT 1   [ RunTime:0.001000s ]
SQL: UPDATE `think_rule` SET `status`=1 WHERE ( id=1 ) [ RunTime:0.001000s ]

[ 2017-03-14T00:35:46+08:00 ] 127.0.0.1 /statics/css/bootstrap.min.css.map
NOTIC: [8192] preg_replace(): The /e modifier is deprecated, use preg_replace_callback instead D:\phpStudy2016\WWW\tp3.1\tp\ThinkPHP\Common\common.php 第 217 行.
INFO: [ app_begin ] --START--
INFO: ReadHtmlCache Behavior ::run [ RunTime:0.001000s ]
INFO: [ app_begin ] --END-- [ RunTime:0.001000s ]
ERR: 无法加载模块:Statics

[ 2017-03-14T00:35:50+08:00 ] 127.0.0.1 /index.php/admin/rule/setStatus.shtml
INFO: [ app_begin ] --START--
INFO: ReadHtmlCache Behavior ::run [ RunTime:0.001000s ]
INFO: [ app_begin ] --END-- [ RunTime:0.001000s ]
NOTIC: [8192] mysql_connect(): The mysql extension is deprecated and will be removed in the future: use mysqli or PDO instead D:\phpStudy2016\WWW\tp3.1\tp\ThinkPHP\Lib\Driver\Db\DbMysql.class.php 第 55 行.
SQL: SHOW COLUMNS FROM `think_rule` [ RunTime:0.027001s ]
NOTIC: [8192] preg_replace(): The /e modifier is deprecated, use preg_replace_callback instead D:\phpStudy2016\WWW\tp3.1\tp\ThinkPHP\Lib\Core\Db.class.php 第 605 行.
SQL: SELECT * FROM `think_rule` WHERE ( `id` = 1 ) LIMIT 1   [ RunTime:0.001000s ]
SQL: UPDATE `think_rule` SET `status`=0 WHERE ( id=1 ) [ RunTime:0.001000s ]

[ 2017-03-14T00:35:56+08:00 ] 127.0.0.1 /index.php/admin/rule/setStatus.shtml
INFO: [ app_begin ] --START--
INFO: ReadHtmlCache Behavior ::run [ RunTime:0.000000s ]
INFO: [ app_begin ] --END-- [ RunTime:0.000000s ]
NOTIC: [8192] mysql_connect(): The mysql extension is deprecated and will be removed in the future: use mysqli or PDO instead D:\phpStudy2016\WWW\tp3.1\tp\ThinkPHP\Lib\Driver\Db\DbMysql.class.php 第 55 行.
SQL: SHOW COLUMNS FROM `think_rule` [ RunTime:0.021001s ]
NOTIC: [8192] preg_replace(): The /e modifier is deprecated, use preg_replace_callback instead D:\phpStudy2016\WWW\tp3.1\tp\ThinkPHP\Lib\Core\Db.class.php 第 605 行.
SQL: SELECT * FROM `think_rule` WHERE ( `id` = 1 ) LIMIT 1   [ RunTime:0.001000s ]
SQL: UPDATE `think_rule` SET `status`=1 WHERE ( id=1 ) [ RunTime:0.000000s ]

[ 2017-03-14T00:36:31+08:00 ] 127.0.0.1 /statics/css/bootstrap.min.css.map
NOTIC: [8192] preg_replace(): The /e modifier is deprecated, use preg_replace_callback instead D:\phpStudy2016\WWW\tp3.1\tp\ThinkPHP\Common\common.php 第 217 行.
INFO: [ app_begin ] --START--
INFO: ReadHtmlCache Behavior ::run [ RunTime:0.000000s ]
INFO: [ app_begin ] --END-- [ RunTime:0.001000s ]
ERR: 无法加载模块:Statics

[ 2017-03-14T00:36:34+08:00 ] 127.0.0.1 /index.php/admin/rule/setStatus.shtml
INFO: [ app_begin ] --START--
INFO: ReadHtmlCache Behavior ::run [ RunTime:0.001000s ]
INFO: [ app_begin ] --END-- [ RunTime:0.001000s ]
NOTIC: [8192] mysql_connect(): The mysql extension is deprecated and will be removed in the future: use mysqli or PDO instead D:\phpStudy2016\WWW\tp3.1\tp\ThinkPHP\Lib\Driver\Db\DbMysql.class.php 第 55 行.
SQL: SHOW COLUMNS FROM `think_rule` [ RunTime:0.009001s ]
NOTIC: [8192] preg_replace(): The /e modifier is deprecated, use preg_replace_callback instead D:\phpStudy2016\WWW\tp3.1\tp\ThinkPHP\Lib\Core\Db.class.php 第 605 行.
SQL: SELECT * FROM `think_rule` WHERE ( `id` = 1 ) LIMIT 1   [ RunTime:0.001000s ]
SQL: UPDATE `think_rule` SET `status`=0 WHERE ( id=1 ) [ RunTime:0.000000s ]

[ 2017-03-14T00:41:01+08:00 ] 127.0.0.1 /statics/css/bootstrap.min.css.map
NOTIC: [8192] preg_replace(): The /e modifier is deprecated, use preg_replace_callback instead D:\phpStudy2016\WWW\tp3.1\tp\ThinkPHP\Common\common.php 第 217 行.
INFO: [ app_begin ] --START--
INFO: ReadHtmlCache Behavior ::run [ RunTime:0.001000s ]
INFO: [ app_begin ] --END-- [ RunTime:0.001000s ]
ERR: 无法加载模块:Statics

[ 2017-03-14T00:41:05+08:00 ] 127.0.0.1 /index.php/admin/rule/setStatus.shtml
INFO: [ app_begin ] --START--
INFO: ReadHtmlCache Behavior ::run [ RunTime:0.001000s ]
INFO: [ app_begin ] --END-- [ RunTime:0.001000s ]
NOTIC: [8192] mysql_connect(): The mysql extension is deprecated and will be removed in the future: use mysqli or PDO instead D:\phpStudy2016\WWW\tp3.1\tp\ThinkPHP\Lib\Driver\Db\DbMysql.class.php 第 55 行.
SQL: SHOW COLUMNS FROM `think_rule` [ RunTime:0.012001s ]
NOTIC: [8192] preg_replace(): The /e modifier is deprecated, use preg_replace_callback instead D:\phpStudy2016\WWW\tp3.1\tp\ThinkPHP\Lib\Core\Db.class.php 第 605 行.
SQL: SELECT * FROM `think_rule` WHERE ( `id` = 1 ) LIMIT 1   [ RunTime:0.002000s ]
SQL: UPDATE `think_rule` SET `status`=1 WHERE ( id=1 ) [ RunTime:0.001000s ]

[ 2017-03-14T00:41:58+08:00 ] 127.0.0.1 /statics/css/bootstrap.min.css.map
NOTIC: [8192] preg_replace(): The /e modifier is deprecated, use preg_replace_callback instead D:\phpStudy2016\WWW\tp3.1\tp\ThinkPHP\Common\common.php 第 217 行.
INFO: [ app_begin ] --START--
INFO: ReadHtmlCache Behavior ::run [ RunTime:0.001000s ]
INFO: [ app_begin ] --END-- [ RunTime:0.001000s ]
ERR: 无法加载模块:Statics

[ 2017-03-14T00:42:12+08:00 ] 127.0.0.1 /statics/css/bootstrap.min.css.map
NOTIC: [8192] preg_replace(): The /e modifier is deprecated, use preg_replace_callback instead D:\phpStudy2016\WWW\tp3.1\tp\ThinkPHP\Common\common.php 第 217 行.
INFO: [ app_begin ] --START--
INFO: ReadHtmlCache Behavior ::run [ RunTime:0.000000s ]
INFO: [ app_begin ] --END-- [ RunTime:0.001000s ]
ERR: 无法加载模块:Statics

[ 2017-03-14T00:42:15+08:00 ] 127.0.0.1 /index.php/admin/rule/setStatus.shtml
INFO: [ app_begin ] --START--
INFO: ReadHtmlCache Behavior ::run [ RunTime:0.001000s ]
INFO: [ app_begin ] --END-- [ RunTime:0.001000s ]
NOTIC: [8192] mysql_connect(): The mysql extension is deprecated and will be removed in the future: use mysqli or PDO instead D:\phpStudy2016\WWW\tp3.1\tp\ThinkPHP\Lib\Driver\Db\DbMysql.class.php 第 55 行.
SQL: SHOW COLUMNS FROM `think_rule` [ RunTime:0.011001s ]
NOTIC: [8192] preg_replace(): The /e modifier is deprecated, use preg_replace_callback instead D:\phpStudy2016\WWW\tp3.1\tp\ThinkPHP\Lib\Core\Db.class.php 第 605 行.
SQL: SELECT * FROM `think_rule` WHERE ( `id` = 1 ) LIMIT 1   [ RunTime:0.001000s ]
SQL: UPDATE `think_rule` SET `status`=0 WHERE ( id=1 ) [ RunTime:0.001000s ]

[ 2017-03-14T00:43:58+08:00 ] 127.0.0.1 /statics/css/bootstrap.min.css.map
NOTIC: [8192] preg_replace(): The /e modifier is deprecated, use preg_replace_callback instead D:\phpStudy2016\WWW\tp3.1\tp\ThinkPHP\Common\common.php 第 217 行.
INFO: [ app_begin ] --START--
INFO: ReadHtmlCache Behavior ::run [ RunTime:0.001000s ]
INFO: [ app_begin ] --END-- [ RunTime:0.001000s ]
ERR: 无法加载模块:Statics

[ 2017-03-14T00:44:02+08:00 ] 127.0.0.1 /index.php/admin/rule/setStatus.shtml
INFO: [ app_begin ] --START--
INFO: ReadHtmlCache Behavior ::run [ RunTime:0.000000s ]
INFO: [ app_begin ] --END-- [ RunTime:0.000000s ]
NOTIC: [8192] mysql_connect(): The mysql extension is deprecated and will be removed in the future: use mysqli or PDO instead D:\phpStudy2016\WWW\tp3.1\tp\ThinkPHP\Lib\Driver\Db\DbMysql.class.php 第 55 行.
SQL: SHOW COLUMNS FROM `think_rule` [ RunTime:0.011000s ]
NOTIC: [8192] preg_replace(): The /e modifier is deprecated, use preg_replace_callback instead D:\phpStudy2016\WWW\tp3.1\tp\ThinkPHP\Lib\Core\Db.class.php 第 605 行.
SQL: SELECT * FROM `think_rule` WHERE ( `id` = 1 ) LIMIT 1   [ RunTime:0.001000s ]
SQL: UPDATE `think_rule` SET `status`=1 WHERE ( id=1 ) [ RunTime:0.002000s ]

[ 2017-03-14T00:44:06+08:00 ] 127.0.0.1 /index.php/admin/rule/setStatus.shtml
INFO: [ app_begin ] --START--
INFO: ReadHtmlCache Behavior ::run [ RunTime:0.000000s ]
INFO: [ app_begin ] --END-- [ RunTime:0.001000s ]
NOTIC: [8192] mysql_connect(): The mysql extension is deprecated and will be removed in the future: use mysqli or PDO instead D:\phpStudy2016\WWW\tp3.1\tp\ThinkPHP\Lib\Driver\Db\DbMysql.class.php 第 55 行.
SQL: SHOW COLUMNS FROM `think_rule` [ RunTime:0.014001s ]
NOTIC: [8192] preg_replace(): The /e modifier is deprecated, use preg_replace_callback instead D:\phpStudy2016\WWW\tp3.1\tp\ThinkPHP\Lib\Core\Db.class.php 第 605 行.
SQL: SELECT * FROM `think_rule` WHERE ( `id` = 1 ) LIMIT 1   [ RunTime:0.000000s ]
SQL: UPDATE `think_rule` SET `status`=0 WHERE ( id=1 ) [ RunTime:0.000000s ]

[ 2017-03-14T00:45:02+08:00 ] 127.0.0.1 /statics/css/bootstrap.min.css.map
NOTIC: [8192] preg_replace(): The /e modifier is deprecated, use preg_replace_callback instead D:\phpStudy2016\WWW\tp3.1\tp\ThinkPHP\Common\common.php 第 217 行.
INFO: [ app_begin ] --START--
INFO: ReadHtmlCache Behavior ::run [ RunTime:0.001001s ]
INFO: [ app_begin ] --END-- [ RunTime:0.001001s ]
ERR: 无法加载模块:Statics

[ 2017-03-14T00:45:09+08:00 ] 127.0.0.1 /statics/css/bootstrap.min.css.map
NOTIC: [8192] preg_replace(): The /e modifier is deprecated, use preg_replace_callback instead D:\phpStudy2016\WWW\tp3.1\tp\ThinkPHP\Common\common.php 第 217 行.
INFO: [ app_begin ] --START--
INFO: ReadHtmlCache Behavior ::run [ RunTime:0.000000s ]
INFO: [ app_begin ] --END-- [ RunTime:0.000000s ]
ERR: 无法加载模块:Statics

[ 2017-03-14T00:45:13+08:00 ] 127.0.0.1 /index.php/admin/rule/setStatus.shtml
INFO: [ app_begin ] --START--
INFO: ReadHtmlCache Behavior ::run [ RunTime:0.001000s ]
INFO: [ app_begin ] --END-- [ RunTime:0.001000s ]
NOTIC: [8192] mysql_connect(): The mysql extension is deprecated and will be removed in the future: use mysqli or PDO instead D:\phpStudy2016\WWW\tp3.1\tp\ThinkPHP\Lib\Driver\Db\DbMysql.class.php 第 55 行.
SQL: SHOW COLUMNS FROM `think_rule` [ RunTime:0.009001s ]
NOTIC: [8192] preg_replace(): The /e modifier is deprecated, use preg_replace_callback instead D:\phpStudy2016\WWW\tp3.1\tp\ThinkPHP\Lib\Core\Db.class.php 第 605 行.
SQL: SELECT * FROM `think_rule` WHERE ( `id` = 1 ) LIMIT 1   [ RunTime:0.001000s ]
SQL: UPDATE `think_rule` SET `status`=1 WHERE ( id=1 ) [ RunTime:0.002000s ]

[ 2017-03-14T00:45:29+08:00 ] 127.0.0.1 /statics/css/bootstrap.min.css.map
NOTIC: [8192] preg_replace(): The /e modifier is deprecated, use preg_replace_callback instead D:\phpStudy2016\WWW\tp3.1\tp\ThinkPHP\Common\common.php 第 217 行.
INFO: [ app_begin ] --START--
INFO: ReadHtmlCache Behavior ::run [ RunTime:0.001000s ]
INFO: [ app_begin ] --END-- [ RunTime:0.001000s ]
ERR: 无法加载模块:Statics

[ 2017-03-14T00:45:33+08:00 ] 127.0.0.1 /index.php/admin/rule/setStatus.shtml
INFO: [ app_begin ] --START--
INFO: ReadHtmlCache Behavior ::run [ RunTime:0.001000s ]
INFO: [ app_begin ] --END-- [ RunTime:0.001000s ]
NOTIC: [8192] mysql_connect(): The mysql extension is deprecated and will be removed in the future: use mysqli or PDO instead D:\phpStudy2016\WWW\tp3.1\tp\ThinkPHP\Lib\Driver\Db\DbMysql.class.php 第 55 行.
SQL: SHOW COLUMNS FROM `think_rule` [ RunTime:0.008001s ]
NOTIC: [8192] preg_replace(): The /e modifier is deprecated, use preg_replace_callback instead D:\phpStudy2016\WWW\tp3.1\tp\ThinkPHP\Lib\Core\Db.class.php 第 605 行.
SQL: SELECT * FROM `think_rule` WHERE ( `id` = 1 ) LIMIT 1   [ RunTime:0.002000s ]
SQL: UPDATE `think_rule` SET `status`=0 WHERE ( id=1 ) [ RunTime:0.001000s ]

[ 2017-03-14T00:45:37+08:00 ] 127.0.0.1 /index.php/admin/rule/setStatus.shtml
INFO: [ app_begin ] --START--
INFO: ReadHtmlCache Behavior ::run [ RunTime:0.001000s ]
INFO: [ app_begin ] --END-- [ RunTime:0.001000s ]
NOTIC: [8192] mysql_connect(): The mysql extension is deprecated and will be removed in the future: use mysqli or PDO instead D:\phpStudy2016\WWW\tp3.1\tp\ThinkPHP\Lib\Driver\Db\DbMysql.class.php 第 55 行.
SQL: SHOW COLUMNS FROM `think_rule` [ RunTime:0.021001s ]
NOTIC: [8192] preg_replace(): The /e modifier is deprecated, use preg_replace_callback instead D:\phpStudy2016\WWW\tp3.1\tp\ThinkPHP\Lib\Core\Db.class.php 第 605 行.
SQL: SELECT * FROM `think_rule` WHERE ( `id` = 1 ) LIMIT 1   [ RunTime:0.001000s ]
SQL: UPDATE `think_rule` SET `status`=1 WHERE ( id=1 ) [ RunTime:0.001000s ]

[ 2017-03-14T00:47:11+08:00 ] 127.0.0.1 /statics/css/bootstrap.min.css.map
NOTIC: [8192] preg_replace(): The /e modifier is deprecated, use preg_replace_callback instead D:\phpStudy2016\WWW\tp3.1\tp\ThinkPHP\Common\common.php 第 217 行.
INFO: [ app_begin ] --START--
INFO: ReadHtmlCache Behavior ::run [ RunTime:0.001000s ]
INFO: [ app_begin ] --END-- [ RunTime:0.001000s ]
ERR: 无法加载模块:Statics

[ 2017-03-14T00:47:15+08:00 ] 127.0.0.1 /index.php/admin/rule/setStatus.shtml
INFO: [ app_begin ] --START--
INFO: ReadHtmlCache Behavior ::run [ RunTime:0.001000s ]
INFO: [ app_begin ] --END-- [ RunTime:0.001000s ]
NOTIC: [8192] mysql_connect(): The mysql extension is deprecated and will be removed in the future: use mysqli or PDO instead D:\phpStudy2016\WWW\tp3.1\tp\ThinkPHP\Lib\Driver\Db\DbMysql.class.php 第 55 行.
SQL: SHOW COLUMNS FROM `think_rule` [ RunTime:0.016000s ]
NOTIC: [8192] preg_replace(): The /e modifier is deprecated, use preg_replace_callback instead D:\phpStudy2016\WWW\tp3.1\tp\ThinkPHP\Lib\Core\Db.class.php 第 605 行.
SQL: SELECT * FROM `think_rule` WHERE ( `id` = 1 ) LIMIT 1   [ RunTime:0.000000s ]
SQL: UPDATE `think_rule` SET `status`=0 WHERE ( id=1 ) [ RunTime:0.001000s ]

[ 2017-03-14T00:47:59+08:00 ] 127.0.0.1 /statics/css/bootstrap.min.css.map
NOTIC: [8192] preg_replace(): The /e modifier is deprecated, use preg_replace_callback instead D:\phpStudy2016\WWW\tp3.1\tp\ThinkPHP\Common\common.php 第 217 行.
INFO: [ app_begin ] --START--
INFO: ReadHtmlCache Behavior ::run [ RunTime:0.001000s ]
INFO: [ app_begin ] --END-- [ RunTime:0.001000s ]
ERR: 无法加载模块:Statics

[ 2017-03-14T00:48:03+08:00 ] 127.0.0.1 /index.php/admin/rule/setStatus.shtml
INFO: [ app_begin ] --START--
INFO: ReadHtmlCache Behavior ::run [ RunTime:0.001000s ]
INFO: [ app_begin ] --END-- [ RunTime:0.001000s ]
NOTIC: [8192] mysql_connect(): The mysql extension is deprecated and will be removed in the future: use mysqli or PDO instead D:\phpStudy2016\WWW\tp3.1\tp\ThinkPHP\Lib\Driver\Db\DbMysql.class.php 第 55 行.
SQL: SHOW COLUMNS FROM `think_rule` [ RunTime:0.011001s ]
NOTIC: [8192] preg_replace(): The /e modifier is deprecated, use preg_replace_callback instead D:\phpStudy2016\WWW\tp3.1\tp\ThinkPHP\Lib\Core\Db.class.php 第 605 行.
SQL: SELECT * FROM `think_rule` WHERE ( `id` = 1 ) LIMIT 1   [ RunTime:0.002000s ]
SQL: UPDATE `think_rule` SET `status`=1 WHERE ( id=1 ) [ RunTime:0.002000s ]

[ 2017-03-14T00:48:12+08:00 ] 127.0.0.1 /statics/css/bootstrap.min.css.map
NOTIC: [8192] preg_replace(): The /e modifier is deprecated, use preg_replace_callback instead D:\phpStudy2016\WWW\tp3.1\tp\ThinkPHP\Common\common.php 第 217 行.
INFO: [ app_begin ] --START--
INFO: ReadHtmlCache Behavior ::run [ RunTime:0.001000s ]
INFO: [ app_begin ] --END-- [ RunTime:0.001000s ]
ERR: 无法加载模块:Statics

[ 2017-03-14T00:48:17+08:00 ] 127.0.0.1 /statics/css/bootstrap.min.css.map
NOTIC: [8192] preg_replace(): The /e modifier is deprecated, use preg_replace_callback instead D:\phpStudy2016\WWW\tp3.1\tp\ThinkPHP\Common\common.php 第 217 行.
INFO: [ app_begin ] --START--
INFO: ReadHtmlCache Behavior ::run [ RunTime:0.000000s ]
INFO: [ app_begin ] --END-- [ RunTime:0.000000s ]
ERR: 无法加载模块:Statics

[ 2017-03-14T00:48:21+08:00 ] 127.0.0.1 /index.php/admin/rule/setStatus.shtml
INFO: [ app_begin ] --START--
INFO: ReadHtmlCache Behavior ::run [ RunTime:0.001000s ]
INFO: [ app_begin ] --END-- [ RunTime:0.001000s ]
NOTIC: [8192] mysql_connect(): The mysql extension is deprecated and will be removed in the future: use mysqli or PDO instead D:\phpStudy2016\WWW\tp3.1\tp\ThinkPHP\Lib\Driver\Db\DbMysql.class.php 第 55 行.
SQL: SHOW COLUMNS FROM `think_rule` [ RunTime:0.016001s ]
NOTIC: [8192] preg_replace(): The /e modifier is deprecated, use preg_replace_callback instead D:\phpStudy2016\WWW\tp3.1\tp\ThinkPHP\Lib\Core\Db.class.php 第 605 行.
SQL: SELECT * FROM `think_rule` WHERE ( `id` = 1 ) LIMIT 1   [ RunTime:0.001000s ]
SQL: UPDATE `think_rule` SET `status`=0 WHERE ( id=1 ) [ RunTime:0.001000s ]

[ 2017-03-14T00:48:25+08:00 ] 127.0.0.1 /index.php/admin/rule/setStatus.shtml
INFO: [ app_begin ] --START--
INFO: ReadHtmlCache Behavior ::run [ RunTime:0.001000s ]
INFO: [ app_begin ] --END-- [ RunTime:0.001000s ]
NOTIC: [8192] mysql_connect(): The mysql extension is deprecated and will be removed in the future: use mysqli or PDO instead D:\phpStudy2016\WWW\tp3.1\tp\ThinkPHP\Lib\Driver\Db\DbMysql.class.php 第 55 行.
SQL: SHOW COLUMNS FROM `think_rule` [ RunTime:0.018001s ]
NOTIC: [8192] preg_replace(): The /e modifier is deprecated, use preg_replace_callback instead D:\phpStudy2016\WWW\tp3.1\tp\ThinkPHP\Lib\Core\Db.class.php 第 605 行.
SQL: SELECT * FROM `think_rule` WHERE ( `id` = 1 ) LIMIT 1   [ RunTime:0.002000s ]
SQL: UPDATE `think_rule` SET `status`=1 WHERE ( id=1 ) [ RunTime:0.001000s ]

[ 2017-03-14T00:48:29+08:00 ] 127.0.0.1 /index.php/admin/rule/setStatus.shtml
INFO: [ app_begin ] --START--
INFO: ReadHtmlCache Behavior ::run [ RunTime:0.001000s ]
INFO: [ app_begin ] --END-- [ RunTime:0.001000s ]
NOTIC: [8192] mysql_connect(): The mysql extension is deprecated and will be removed in the future: use mysqli or PDO instead D:\phpStudy2016\WWW\tp3.1\tp\ThinkPHP\Lib\Driver\Db\DbMysql.class.php 第 55 行.
SQL: SHOW COLUMNS FROM `think_rule` [ RunTime:0.013001s ]
NOTIC: [8192] preg_replace(): The /e modifier is deprecated, use preg_replace_callback instead D:\phpStudy2016\WWW\tp3.1\tp\ThinkPHP\Lib\Core\Db.class.php 第 605 行.
SQL: SELECT * FROM `think_rule` WHERE ( `id` = 1 ) LIMIT 1   [ RunTime:0.001000s ]
SQL: UPDATE `think_rule` SET `status`=0 WHERE ( id=1 ) [ RunTime:0.000000s ]

[ 2017-03-14T00:49:34+08:00 ] 127.0.0.1 /statics/css/bootstrap.min.css.map
NOTIC: [8192] preg_replace(): The /e modifier is deprecated, use preg_replace_callback instead D:\phpStudy2016\WWW\tp3.1\tp\ThinkPHP\Common\common.php 第 217 行.
INFO: [ app_begin ] --START--
INFO: ReadHtmlCache Behavior ::run [ RunTime:0.001000s ]
INFO: [ app_begin ] --END-- [ RunTime:0.001000s ]
ERR: 无法加载模块:Statics

[ 2017-03-14T00:49:38+08:00 ] 127.0.0.1 /index.php/admin/rule/setStatus.shtml
INFO: [ app_begin ] --START--
INFO: ReadHtmlCache Behavior ::run [ RunTime:0.001000s ]
INFO: [ app_begin ] --END-- [ RunTime:0.001000s ]
NOTIC: [8192] mysql_connect(): The mysql extension is deprecated and will be removed in the future: use mysqli or PDO instead D:\phpStudy2016\WWW\tp3.1\tp\ThinkPHP\Lib\Driver\Db\DbMysql.class.php 第 55 行.
SQL: SHOW COLUMNS FROM `think_rule` [ RunTime:0.009000s ]
NOTIC: [8192] preg_replace(): The /e modifier is deprecated, use preg_replace_callback instead D:\phpStudy2016\WWW\tp3.1\tp\ThinkPHP\Lib\Core\Db.class.php 第 605 行.
SQL: SELECT * FROM `think_rule` WHERE ( `id` = 1 ) LIMIT 1   [ RunTime:0.001000s ]
SQL: UPDATE `think_rule` SET `status`=1 WHERE ( id=1 ) [ RunTime:0.001000s ]

[ 2017-03-14T00:49:42+08:00 ] 127.0.0.1 /index.php/admin/rule/setStatus.shtml
INFO: [ app_begin ] --START--
INFO: ReadHtmlCache Behavior ::run [ RunTime:0.001000s ]
INFO: [ app_begin ] --END-- [ RunTime:0.001000s ]
NOTIC: [8192] mysql_connect(): The mysql extension is deprecated and will be removed in the future: use mysqli or PDO instead D:\phpStudy2016\WWW\tp3.1\tp\ThinkPHP\Lib\Driver\Db\DbMysql.class.php 第 55 行.
SQL: SHOW COLUMNS FROM `think_rule` [ RunTime:0.016001s ]
NOTIC: [8192] preg_replace(): The /e modifier is deprecated, use preg_replace_callback instead D:\phpStudy2016\WWW\tp3.1\tp\ThinkPHP\Lib\Core\Db.class.php 第 605 行.
SQL: SELECT * FROM `think_rule` WHERE ( `id` = 1 ) LIMIT 1   [ RunTime:0.000000s ]
SQL: UPDATE `think_rule` SET `status`=0 WHERE ( id=1 ) [ RunTime:0.000000s ]

[ 2017-03-14T00:49:45+08:00 ] 127.0.0.1 /index.php/admin/rule/setStatus.shtml
INFO: [ app_begin ] --START--
INFO: ReadHtmlCache Behavior ::run [ RunTime:0.001000s ]
INFO: [ app_begin ] --END-- [ RunTime:0.001000s ]
NOTIC: [8192] mysql_connect(): The mysql extension is deprecated and will be removed in the future: use mysqli or PDO instead D:\phpStudy2016\WWW\tp3.1\tp\ThinkPHP\Lib\Driver\Db\DbMysql.class.php 第 55 行.
SQL: SHOW COLUMNS FROM `think_rule` [ RunTime:0.009000s ]
NOTIC: [8192] preg_replace(): The /e modifier is deprecated, use preg_replace_callback instead D:\phpStudy2016\WWW\tp3.1\tp\ThinkPHP\Lib\Core\Db.class.php 第 605 行.
SQL: SELECT * FROM `think_rule` WHERE ( `id` = 1 ) LIMIT 1   [ RunTime:0.001000s ]
SQL: UPDATE `think_rule` SET `status`=1 WHERE ( id=1 ) [ RunTime:0.001001s ]

[ 2017-03-14T00:52:41+08:00 ] 127.0.0.1 /statics/css/bootstrap.min.css.map
NOTIC: [8192] preg_replace(): The /e modifier is deprecated, use preg_replace_callback instead D:\phpStudy2016\WWW\tp3.1\tp\ThinkPHP\Common\common.php 第 217 行.
INFO: [ app_begin ] --START--
INFO: ReadHtmlCache Behavior ::run [ RunTime:0.001000s ]
INFO: [ app_begin ] --END-- [ RunTime:0.001000s ]
ERR: 无法加载模块:Statics

[ 2017-03-14T00:52:45+08:00 ] 127.0.0.1 /index.php/admin/rule/setStatus.shtml
INFO: [ app_begin ] --START--
INFO: ReadHtmlCache Behavior ::run [ RunTime:0.001000s ]
INFO: [ app_begin ] --END-- [ RunTime:0.001000s ]
NOTIC: [8192] mysql_connect(): The mysql extension is deprecated and will be removed in the future: use mysqli or PDO instead D:\phpStudy2016\WWW\tp3.1\tp\ThinkPHP\Lib\Driver\Db\DbMysql.class.php 第 55 行.
SQL: SHOW COLUMNS FROM `think_rule` [ RunTime:0.013001s ]
NOTIC: [8192] preg_replace(): The /e modifier is deprecated, use preg_replace_callback instead D:\phpStudy2016\WWW\tp3.1\tp\ThinkPHP\Lib\Core\Db.class.php 第 605 行.
SQL: SELECT * FROM `think_rule` WHERE ( `id` = 1 ) LIMIT 1   [ RunTime:0.002000s ]
SQL: UPDATE `think_rule` SET `status`=0 WHERE ( id=1 ) [ RunTime:0.001000s ]

[ 2017-03-14T00:52:48+08:00 ] 127.0.0.1 /statics/css/bootstrap.min.css.map
NOTIC: [8192] preg_replace(): The /e modifier is deprecated, use preg_replace_callback instead D:\phpStudy2016\WWW\tp3.1\tp\ThinkPHP\Common\common.php 第 217 行.
INFO: [ app_begin ] --START--
INFO: ReadHtmlCache Behavior ::run [ RunTime:0.001000s ]
INFO: [ app_begin ] --END-- [ RunTime:0.001000s ]
ERR: 无法加载模块:Statics

[ 2017-03-14T00:52:52+08:00 ] 127.0.0.1 /index.php/admin/rule/save.shtml
INFO: [ app_begin ] --START--
INFO: ReadHtmlCache Behavior ::run [ RunTime:0.001000s ]
INFO: [ app_begin ] --END-- [ RunTime:0.001000s ]
NOTIC: [8192] mysql_connect(): The mysql extension is deprecated and will be removed in the future: use mysqli or PDO instead D:\phpStudy2016\WWW\tp3.1\tp\ThinkPHP\Lib\Driver\Db\DbMysql.class.php 第 55 行.
SQL: SHOW COLUMNS FROM `think_rule` [ RunTime:0.010001s ]
SQL: UPDATE `think_rule` SET `pid`=0,`title`='系统设置d',`name`='admin',`icon`='fa fa-cogs',`status`=1 WHERE ( `id` = 1 ) [ RunTime:0.001000s ]
NOTIC: [2] Missing argument 3 for toJson(), called in D:\phpStudy2016\WWW\tp3.1\APP\Modules\Admin\Action\RuleAction.class.php on line 33 and defined D:\phpStudy2016\WWW\tp3.1\APP\Common\common.php 第 42 行.
NOTIC: [8] Undefined variable: data D:\phpStudy2016\WWW\tp3.1\APP\Common\common.php 第 44 行.

[ 2017-03-14T00:52:55+08:00 ] 127.0.0.1 /statics/css/bootstrap.min.css.map
NOTIC: [8192] preg_replace(): The /e modifier is deprecated, use preg_replace_callback instead D:\phpStudy2016\WWW\tp3.1\tp\ThinkPHP\Common\common.php 第 217 行.
INFO: [ app_begin ] --START--
INFO: ReadHtmlCache Behavior ::run [ RunTime:0.001000s ]
INFO: [ app_begin ] --END-- [ RunTime:0.001000s ]
ERR: 无法加载模块:Statics

[ 2017-03-14T00:53:00+08:00 ] 127.0.0.1 /index.php/admin/rule/setStatus.shtml
INFO: [ app_begin ] --START--
INFO: ReadHtmlCache Behavior ::run [ RunTime:0.001000s ]
INFO: [ app_begin ] --END-- [ RunTime:0.001000s ]
NOTIC: [8192] mysql_connect(): The mysql extension is deprecated and will be removed in the future: use mysqli or PDO instead D:\phpStudy2016\WWW\tp3.1\tp\ThinkPHP\Lib\Driver\Db\DbMysql.class.php 第 55 行.
SQL: SHOW COLUMNS FROM `think_rule` [ RunTime:0.012001s ]
NOTIC: [8192] preg_replace(): The /e modifier is deprecated, use preg_replace_callback instead D:\phpStudy2016\WWW\tp3.1\tp\ThinkPHP\Lib\Core\Db.class.php 第 605 行.
SQL: SELECT * FROM `think_rule` WHERE ( `id` = 1 ) LIMIT 1   [ RunTime:0.001000s ]
SQL: UPDATE `think_rule` SET `status`=0 WHERE ( id=1 ) [ RunTime:0.000000s ]

[ 2017-03-14T00:53:03+08:00 ] 127.0.0.1 /statics/css/bootstrap.min.css.map
NOTIC: [8192] preg_replace(): The /e modifier is deprecated, use preg_replace_callback instead D:\phpStudy2016\WWW\tp3.1\tp\ThinkPHP\Common\common.php 第 217 行.
INFO: [ app_begin ] --START--
INFO: ReadHtmlCache Behavior ::run [ RunTime:0.001000s ]
INFO: [ app_begin ] --END-- [ RunTime:0.001000s ]
ERR: 无法加载模块:Statics

[ 2017-03-14T00:53:15+08:00 ] 127.0.0.1 /statics/css/bootstrap.min.css.map
NOTIC: [8192] preg_replace(): The /e modifier is deprecated, use preg_replace_callback instead D:\phpStudy2016\WWW\tp3.1\tp\ThinkPHP\Common\common.php 第 217 行.
INFO: [ app_begin ] --START--
INFO: ReadHtmlCache Behavior ::run [ RunTime:0.001000s ]
INFO: [ app_begin ] --END-- [ RunTime:0.001000s ]
ERR: 无法加载模块:Statics

[ 2017-03-14T00:53:20+08:00 ] 127.0.0.1 /statics/css/bootstrap.min.css.map
NOTIC: [8192] preg_replace(): The /e modifier is deprecated, use preg_replace_callback instead D:\phpStudy2016\WWW\tp3.1\tp\ThinkPHP\Common\common.php 第 217 行.
INFO: [ app_begin ] --START--
INFO: ReadHtmlCache Behavior ::run [ RunTime:0.001001s ]
INFO: [ app_begin ] --END-- [ RunTime:0.001001s ]
ERR: 无法加载模块:Statics

[ 2017-03-14T00:58:06+08:00 ] 127.0.0.1 /statics/css/bootstrap.min.css.map
NOTIC: [8192] preg_replace(): The /e modifier is deprecated, use preg_replace_callback instead D:\phpStudy2016\WWW\tp3.1\tp\ThinkPHP\Common\common.php 第 217 行.
INFO: [ app_begin ] --START--
INFO: ReadHtmlCache Behavior ::run [ RunTime:0.000000s ]
INFO: [ app_begin ] --END-- [ RunTime:0.000000s ]
ERR: 无法加载模块:Statics

[ 2017-03-14T00:58:17+08:00 ] 127.0.0.1 /index.php/admin/rule/setStatus.shtml
INFO: [ app_begin ] --START--
INFO: ReadHtmlCache Behavior ::run [ RunTime:0.001000s ]
INFO: [ app_begin ] --END-- [ RunTime:0.001000s ]
NOTIC: [8192] mysql_connect(): The mysql extension is deprecated and will be removed in the future: use mysqli or PDO instead D:\phpStudy2016\WWW\tp3.1\tp\ThinkPHP\Lib\Driver\Db\DbMysql.class.php 第 55 行.
SQL: SHOW COLUMNS FROM `think_rule` [ RunTime:0.014000s ]
NOTIC: [8192] preg_replace(): The /e modifier is deprecated, use preg_replace_callback instead D:\phpStudy2016\WWW\tp3.1\tp\ThinkPHP\Lib\Core\Db.class.php 第 605 行.
SQL: SELECT * FROM `think_rule` WHERE ( `id` = 1 ) LIMIT 1   [ RunTime:0.002001s ]
SQL: UPDATE `think_rule` SET `status`=1 WHERE ( id=1 ) [ RunTime:0.001000s ]

[ 2017-03-14T00:59:25+08:00 ] 127.0.0.1 /statics/css/bootstrap.min.css.map
NOTIC: [8192] preg_replace(): The /e modifier is deprecated, use preg_replace_callback instead D:\phpStudy2016\WWW\tp3.1\tp\ThinkPHP\Common\common.php 第 217 行.
INFO: [ app_begin ] --START--
INFO: ReadHtmlCache Behavior ::run [ RunTime:0.001000s ]
INFO: [ app_begin ] --END-- [ RunTime:0.001000s ]
ERR: 无法加载模块:Statics

[ 2017-03-14T00:59:28+08:00 ] 127.0.0.1 /statics/css/bootstrap.min.css.map
NOTIC: [8192] preg_replace(): The /e modifier is deprecated, use preg_replace_callback instead D:\phpStudy2016\WWW\tp3.1\tp\ThinkPHP\Common\common.php 第 217 行.
INFO: [ app_begin ] --START--
INFO: ReadHtmlCache Behavior ::run [ RunTime:0.001000s ]
INFO: [ app_begin ] --END-- [ RunTime:0.001000s ]
ERR: 无法加载模块:Statics

[ 2017-03-14T00:59:59+08:00 ] 127.0.0.1 /statics/css/bootstrap.min.css.map
NOTIC: [8192] preg_replace(): The /e modifier is deprecated, use preg_replace_callback instead D:\phpStudy2016\WWW\tp3.1\tp\ThinkPHP\Common\common.php 第 217 行.
INFO: [ app_begin ] --START--
INFO: ReadHtmlCache Behavior ::run [ RunTime:0.001000s ]
INFO: [ app_begin ] --END-- [ RunTime:0.001000s ]
ERR: 无法加载模块:Statics

[ 2017-03-14T01:00:07+08:00 ] 127.0.0.1 /statics/css/bootstrap.min.css.map
NOTIC: [8192] preg_replace(): The /e modifier is deprecated, use preg_replace_callback instead D:\phpStudy2016\WWW\tp3.1\tp\ThinkPHP\Common\common.php 第 217 行.
INFO: [ app_begin ] --START--
INFO: ReadHtmlCache Behavior ::run [ RunTime:0.001000s ]
INFO: [ app_begin ] --END-- [ RunTime:0.001000s ]
ERR: 无法加载模块:Statics

[ 2017-03-14T01:00:48+08:00 ] 127.0.0.1 /statics/css/bootstrap.min.css.map
NOTIC: [8192] preg_replace(): The /e modifier is deprecated, use preg_replace_callback instead D:\phpStudy2016\WWW\tp3.1\tp\ThinkPHP\Common\common.php 第 217 行.
INFO: [ app_begin ] --START--
INFO: ReadHtmlCache Behavior ::run [ RunTime:0.000000s ]
INFO: [ app_begin ] --END-- [ RunTime:0.000000s ]
ERR: 无法加载模块:Statics

[ 2017-03-14T01:02:03+08:00 ] 127.0.0.1 /statics/css/bootstrap.min.css.map
NOTIC: [8192] preg_replace(): The /e modifier is deprecated, use preg_replace_callback instead D:\phpStudy2016\WWW\tp3.1\tp\ThinkPHP\Common\common.php 第 217 行.
INFO: [ app_begin ] --START--
INFO: ReadHtmlCache Behavior ::run [ RunTime:0.001000s ]
INFO: [ app_begin ] --END-- [ RunTime:0.001000s ]
ERR: 无法加载模块:Statics

[ 2017-03-14T01:02:06+08:00 ] 127.0.0.1 /statics/css/bootstrap.min.css.map
NOTIC: [8192] preg_replace(): The /e modifier is deprecated, use preg_replace_callback instead D:\phpStudy2016\WWW\tp3.1\tp\ThinkPHP\Common\common.php 第 217 行.
INFO: [ app_begin ] --START--
INFO: ReadHtmlCache Behavior ::run [ RunTime:0.002000s ]
INFO: [ app_begin ] --END-- [ RunTime:0.002000s ]
ERR: 无法加载模块:Statics

[ 2017-03-14T01:04:10+08:00 ] 127.0.0.1 /statics/css/bootstrap.min.css.map
NOTIC: [8192] preg_replace(): The /e modifier is deprecated, use preg_replace_callback instead D:\phpStudy2016\WWW\tp3.1\tp\ThinkPHP\Common\common.php 第 217 行.
INFO: [ app_begin ] --START--
INFO: ReadHtmlCache Behavior ::run [ RunTime:0.001000s ]
INFO: [ app_begin ] --END-- [ RunTime:0.001000s ]
ERR: 无法加载模块:Statics

[ 2017-03-14T01:17:38+08:00 ] 127.0.0.1 /index.php/admin/rule/del.shtml
INFO: [ app_begin ] --START--
INFO: ReadHtmlCache Behavior ::run [ RunTime:0.002000s ]
INFO: [ app_begin ] --END-- [ RunTime:0.002000s ]
NOTIC: [8192] mysql_connect(): The mysql extension is deprecated and will be removed in the future: use mysqli or PDO instead D:\phpStudy2016\WWW\tp3.1\tp\ThinkPHP\Lib\Driver\Db\DbMysql.class.php 第 55 行.
SQL: SHOW COLUMNS FROM `think_rule` [ RunTime:0.008000s ]
NOTIC: [8192] preg_replace(): The /e modifier is deprecated, use preg_replace_callback instead D:\phpStudy2016\WWW\tp3.1\tp\ThinkPHP\Lib\Core\Db.class.php 第 605 行.
SQL: SELECT * FROM `think_rule` WHERE ( `id` = 1 ) LIMIT 1   [ RunTime:0.000000s ]
SQL: DELETE FROM `think_rule` WHERE ( id=1 ) [ RunTime:0.001000s ]
NOTIC: [2] Missing argument 3 for toJson(), called in D:\phpStudy2016\WWW\tp3.1\APP\Modules\Admin\Action\BaseAction.class.php on line 42 and defined D:\phpStudy2016\WWW\tp3.1\APP\Common\common.php 第 42 行.
NOTIC: [8] Undefined variable: data D:\phpStudy2016\WWW\tp3.1\APP\Common\common.php 第 44 行.

[ 2017-03-14T01:17:47+08:00 ] 127.0.0.1 /index.php/admin/rule/del.shtml
INFO: [ app_begin ] --START--
INFO: ReadHtmlCache Behavior ::run [ RunTime:0.001000s ]
INFO: [ app_begin ] --END-- [ RunTime:0.001000s ]
NOTIC: [8192] mysql_connect(): The mysql extension is deprecated and will be removed in the future: use mysqli or PDO instead D:\phpStudy2016\WWW\tp3.1\tp\ThinkPHP\Lib\Driver\Db\DbMysql.class.php 第 55 行.
SQL: SHOW COLUMNS FROM `think_rule` [ RunTime:0.013001s ]
NOTIC: [8192] preg_replace(): The /e modifier is deprecated, use preg_replace_callback instead D:\phpStudy2016\WWW\tp3.1\tp\ThinkPHP\Lib\Core\Db.class.php 第 605 行.
SQL: SELECT * FROM `think_rule` WHERE ( `id` = 1 ) LIMIT 1   [ RunTime:0.001000s ]
NOTIC: [2] Missing argument 2 for toJson(), called in D:\phpStudy2016\WWW\tp3.1\APP\Modules\Admin\Action\BaseAction.class.php on line 37 and defined D:\phpStudy2016\WWW\tp3.1\APP\Common\common.php 第 42 行.
NOTIC: [2] Missing argument 3 for toJson(), called in D:\phpStudy2016\WWW\tp3.1\APP\Modules\Admin\Action\BaseAction.class.php on line 37 and defined D:\phpStudy2016\WWW\tp3.1\APP\Common\common.php 第 42 行.

[ 2017-03-14T01:17:52+08:00 ] 127.0.0.1 /index.php/admin/rule/del.shtml
INFO: [ app_begin ] --START--
INFO: ReadHtmlCache Behavior ::run [ RunTime:0.001000s ]
INFO: [ app_begin ] --END-- [ RunTime:0.001000s ]
NOTIC: [8192] mysql_connect(): The mysql extension is deprecated and will be removed in the future: use mysqli or PDO instead D:\phpStudy2016\WWW\tp3.1\tp\ThinkPHP\Lib\Driver\Db\DbMysql.class.php 第 55 行.
SQL: SHOW COLUMNS FROM `think_rule` [ RunTime:0.019001s ]
NOTIC: [8192] preg_replace(): The /e modifier is deprecated, use preg_replace_callback instead D:\phpStudy2016\WWW\tp3.1\tp\ThinkPHP\Lib\Core\Db.class.php 第 605 行.
SQL: SELECT * FROM `think_rule` WHERE ( `id` = 1 ) LIMIT 1   [ RunTime:0.001000s ]
NOTIC: [2] Missing argument 2 for toJson(), called in D:\phpStudy2016\WWW\tp3.1\APP\Modules\Admin\Action\BaseAction.class.php on line 37 and defined D:\phpStudy2016\WWW\tp3.1\APP\Common\common.php 第 42 行.
NOTIC: [2] Missing argument 3 for toJson(), called in D:\phpStudy2016\WWW\tp3.1\APP\Modules\Admin\Action\BaseAction.class.php on line 37 and defined D:\phpStudy2016\WWW\tp3.1\APP\Common\common.php 第 42 行.

[ 2017-03-14T01:18:06+08:00 ] 127.0.0.1 /index.php/admin/network/index.shtml
ERR: 无法加载模块:Network

[ 2017-03-14T01:18:08+08:00 ] 127.0.0.1 /index.php/admin/links/index.shtml
ERR: 无法加载模块:Links

[ 2017-03-14T01:18:51+08:00 ] 127.0.0.1 /index.php/admin/refund/index.shtml
ERR: 无法加载模块:Refund

[ 2017-03-14T01:22:25+08:00 ] 127.0.0.1 /index.php/admin/rule/del.shtml
INFO: [ app_begin ] --START--
INFO: ReadHtmlCache Behavior ::run [ RunTime:0.003000s ]
INFO: [ app_begin ] --END-- [ RunTime:0.003000s ]
NOTIC: [8192] mysql_connect(): The mysql extension is deprecated and will be removed in the future: use mysqli or PDO instead D:\phpStudy2016\WWW\tp3.1\tp\ThinkPHP\Lib\Driver\Db\DbMysql.class.php 第 55 行.
SQL: SHOW COLUMNS FROM `think_rule` [ RunTime:0.012001s ]
NOTIC: [8192] preg_replace(): The /e modifier is deprecated, use preg_replace_callback instead D:\phpStudy2016\WWW\tp3.1\tp\ThinkPHP\Lib\Core\Db.class.php 第 605 行.
SQL: SELECT * FROM `think_rule` WHERE ( `id` = 15 ) LIMIT 1   [ RunTime:0.002000s ]
SQL: DELETE FROM `think_rule` WHERE ( id=15 ) [ RunTime:0.001000s ]
NOTIC: [2] Missing argument 3 for toJson(), called in D:\phpStudy2016\WWW\tp3.1\APP\Modules\Admin\Action\BaseAction.class.php on line 42 and defined D:\phpStudy2016\WWW\tp3.1\APP\Common\common.php 第 42 行.
NOTIC: [8] Undefined variable: data D:\phpStudy2016\WWW\tp3.1\APP\Common\common.php 第 44 行.

[ 2017-03-14T01:22:31+08:00 ] 127.0.0.1 /index.php/admin/rule/del.shtml
INFO: [ app_begin ] --START--
INFO: ReadHtmlCache Behavior ::run [ RunTime:0.001000s ]
INFO: [ app_begin ] --END-- [ RunTime:0.001000s ]
NOTIC: [8192] mysql_connect(): The mysql extension is deprecated and will be removed in the future: use mysqli or PDO instead D:\phpStudy2016\WWW\tp3.1\tp\ThinkPHP\Lib\Driver\Db\DbMysql.class.php 第 55 行.
SQL: SHOW COLUMNS FROM `think_rule` [ RunTime:0.028002s ]
NOTIC: [8192] preg_replace(): The /e modifier is deprecated, use preg_replace_callback instead D:\phpStudy2016\WWW\tp3.1\tp\ThinkPHP\Lib\Core\Db.class.php 第 605 行.
SQL: SELECT * FROM `think_rule` WHERE ( `id` = 15 ) LIMIT 1   [ RunTime:0.003000s ]
NOTIC: [2] Missing argument 2 for toJson(), called in D:\phpStudy2016\WWW\tp3.1\APP\Modules\Admin\Action\BaseAction.class.php on line 37 and defined D:\phpStudy2016\WWW\tp3.1\APP\Common\common.php 第 42 行.
NOTIC: [2] Missing argument 3 for toJson(), called in D:\phpStudy2016\WWW\tp3.1\APP\Modules\Admin\Action\BaseAction.class.php on line 37 and defined D:\phpStudy2016\WWW\tp3.1\APP\Common\common.php 第 42 行.

[ 2017-03-14T01:29:42+08:00 ] 127.0.0.1 /index.php/admin/configure/index.shtml
ERR: 无法加载模块:Configure

[ 2017-03-14T01:29:51+08:00 ] 127.0.0.1 /index.php/admin/rule/del.shtml
INFO: [ app_begin ] --START--
INFO: ReadHtmlCache Behavior ::run [ RunTime:0.001000s ]
INFO: [ app_begin ] --END-- [ RunTime:0.001000s ]
NOTIC: [8192] mysql_connect(): The mysql extension is deprecated and will be removed in the future: use mysqli or PDO instead D:\phpStudy2016\WWW\tp3.1\tp\ThinkPHP\Lib\Driver\Db\DbMysql.class.php 第 55 行.
SQL: SHOW COLUMNS FROM `think_rule` [ RunTime:0.017001s ]
NOTIC: [8192] preg_replace(): The /e modifier is deprecated, use preg_replace_callback instead D:\phpStudy2016\WWW\tp3.1\tp\ThinkPHP\Lib\Core\Db.class.php 第 605 行.
SQL: SELECT * FROM `think_rule` WHERE ( `id` = 14 ) LIMIT 1   [ RunTime:0.001000s ]
SQL: DELETE FROM `think_rule` WHERE ( id=14 ) [ RunTime:0.001000s ]
NOTIC: [2] Missing argument 3 for toJson(), called in D:\phpStudy2016\WWW\tp3.1\APP\Modules\Admin\Action\BaseAction.class.php on line 42 and defined D:\phpStudy2016\WWW\tp3.1\APP\Common\common.php 第 42 行.
NOTIC: [8] Undefined variable: data D:\phpStudy2016\WWW\tp3.1\APP\Common\common.php 第 44 行.

[ 2017-03-14T01:36:26+08:00 ] 127.0.0.1 /index.php/admin/admin/index.shtml
ERR: 无法加载模块:Admin

[ 2017-03-14T01:36:31+08:00 ] 127.0.0.1 /index.php/admin/rule/setStatus.shtml
INFO: [ app_begin ] --START--
INFO: ReadHtmlCache Behavior ::run [ RunTime:0.000000s ]
INFO: [ app_begin ] --END-- [ RunTime:0.000000s ]
NOTIC: [8192] mysql_connect(): The mysql extension is deprecated and will be removed in the future: use mysqli or PDO instead D:\phpStudy2016\WWW\tp3.1\tp\ThinkPHP\Lib\Driver\Db\DbMysql.class.php 第 55 行.
SQL: SHOW COLUMNS FROM `think_rule` [ RunTime:0.010001s ]
NOTIC: [8192] preg_replace(): The /e modifier is deprecated, use preg_replace_callback instead D:\phpStudy2016\WWW\tp3.1\tp\ThinkPHP\Lib\Core\Db.class.php 第 605 行.
SQL: SELECT * FROM `think_rule` WHERE ( `id` = 1 ) LIMIT 1   [ RunTime:0.001000s ]
SQL: UPDATE `think_rule` SET `status`=0 WHERE ( id=1 ) [ RunTime:0.001000s ]

[ 2017-03-14T01:36:41+08:00 ] 127.0.0.1 /index.php/admin/rule/save.shtml
INFO: [ app_begin ] --START--
INFO: ReadHtmlCache Behavior ::run [ RunTime:0.001000s ]
INFO: [ app_begin ] --END-- [ RunTime:0.001000s ]
NOTIC: [8192] mysql_connect(): The mysql extension is deprecated and will be removed in the future: use mysqli or PDO instead D:\phpStudy2016\WWW\tp3.1\tp\ThinkPHP\Lib\Driver\Db\DbMysql.class.php 第 55 行.
SQL: SHOW COLUMNS FROM `think_rule` [ RunTime:0.015001s ]
SQL: UPDATE `think_rule` SET `pid`=0,`title`='系统设置',`name`='admin',`icon`='fa fa-cogs',`status`=1 WHERE ( `id` = 1 ) [ RunTime:0.001000s ]
NOTIC: [2] Missing argument 3 for toJson(), called in D:\phpStudy2016\WWW\tp3.1\APP\Modules\Admin\Action\RuleAction.class.php on line 33 and defined D:\phpStudy2016\WWW\tp3.1\APP\Common\common.php 第 42 行.
NOTIC: [8] Undefined variable: data D:\phpStudy2016\WWW\tp3.1\APP\Common\common.php 第 44 行.

[ 2017-03-14T01:37:03+08:00 ] 127.0.0.1 /index.php/admin/rule/save.shtml
INFO: [ app_begin ] --START--
INFO: ReadHtmlCache Behavior ::run [ RunTime:0.001000s ]
INFO: [ app_begin ] --END-- [ RunTime:0.001000s ]
NOTIC: [8192] mysql_connect(): The mysql extension is deprecated and will be removed in the future: use mysqli or PDO instead D:\phpStudy2016\WWW\tp3.1\tp\ThinkPHP\Lib\Driver\Db\DbMysql.class.php 第 55 行.
SQL: SHOW COLUMNS FROM `think_rule` [ RunTime:0.012001s ]
SQL: UPDATE `think_rule` SET `pid`=0,`title`='系统置sd',`name`='admin',`icon`='fa fa-cogs',`status`=1 WHERE ( `id` = 1 ) [ RunTime:0.001000s ]
NOTIC: [2] Missing argument 3 for toJson(), called in D:\phpStudy2016\WWW\tp3.1\APP\Modules\Admin\Action\RuleAction.class.php on line 33 and defined D:\phpStudy2016\WWW\tp3.1\APP\Common\common.php 第 42 行.
NOTIC: [8] Undefined variable: data D:\phpStudy2016\WWW\tp3.1\APP\Common\common.php 第 44 行.

[ 2017-03-14T14:27:37+08:00 ] 127.0.0.1 /index.php/admin/rule/setStatus.shtml
INFO: [ app_begin ] --START--
INFO: ReadHtmlCache Behavior ::run [ RunTime:0.001001s ]
INFO: [ app_begin ] --END-- [ RunTime:0.001001s ]
NOTIC: [8192] mysql_connect(): The mysql extension is deprecated and will be removed in the future: use mysqli or PDO instead D:\phpStudy\WWW\tp3.1\tp\ThinkPHP\Lib\Driver\Db\DbMysql.class.php 第 55 行.
SQL: SHOW COLUMNS FROM `think_rule` [ RunTime:0.010000s ]
NOTIC: [8192] preg_replace(): The /e modifier is deprecated, use preg_replace_callback instead D:\phpStudy\WWW\tp3.1\tp\ThinkPHP\Lib\Core\Db.class.php 第 605 行.
SQL: SELECT * FROM `think_rule` WHERE ( `id` = 48 ) LIMIT 1   [ RunTime:0.359002s ]
SQL: UPDATE `think_rule` SET `status`=0 WHERE ( id=48 ) [ RunTime:0.030000s ]

[ 2017-03-14T14:27:42+08:00 ] 127.0.0.1 /index.php/admin/rule/del.shtml
INFO: [ app_begin ] --START--
INFO: ReadHtmlCache Behavior ::run [ RunTime:0.001000s ]
INFO: [ app_begin ] --END-- [ RunTime:0.001000s ]
NOTIC: [8192] mysql_connect(): The mysql extension is deprecated and will be removed in the future: use mysqli or PDO instead D:\phpStudy\WWW\tp3.1\tp\ThinkPHP\Lib\Driver\Db\DbMysql.class.php 第 55 行.
SQL: SHOW COLUMNS FROM `think_rule` [ RunTime:0.010000s ]
NOTIC: [8192] preg_replace(): The /e modifier is deprecated, use preg_replace_callback instead D:\phpStudy\WWW\tp3.1\tp\ThinkPHP\Lib\Core\Db.class.php 第 605 行.
SQL: SELECT * FROM `think_rule` WHERE ( `id` = 54 ) LIMIT 1   [ RunTime:0.000000s ]
SQL: DELETE FROM `think_rule` WHERE ( id=54 ) [ RunTime:0.050001s ]
NOTIC: [2] Missing argument 3 for toJson(), called in D:\phpStudy\WWW\tp3.1\APP\Modules\Admin\Action\BaseAction.class.php on line 42 and defined D:\phpStudy\WWW\tp3.1\APP\Common\common.php 第 42 行.
NOTIC: [8] Undefined variable: data D:\phpStudy\WWW\tp3.1\APP\Common\common.php 第 44 行.

[ 2017-03-14T14:27:46+08:00 ] 127.0.0.1 /index.php/admin/rule/del.shtml
INFO: [ app_begin ] --START--
INFO: ReadHtmlCache Behavior ::run [ RunTime:0.001000s ]
INFO: [ app_begin ] --END-- [ RunTime:0.001000s ]
NOTIC: [8192] mysql_connect(): The mysql extension is deprecated and will be removed in the future: use mysqli or PDO instead D:\phpStudy\WWW\tp3.1\tp\ThinkPHP\Lib\Driver\Db\DbMysql.class.php 第 55 行.
SQL: SHOW COLUMNS FROM `think_rule` [ RunTime:0.034001s ]
NOTIC: [8192] preg_replace(): The /e modifier is deprecated, use preg_replace_callback instead D:\phpStudy\WWW\tp3.1\tp\ThinkPHP\Lib\Core\Db.class.php 第 605 行.
SQL: SELECT * FROM `think_rule` WHERE ( `id` = 53 ) LIMIT 1   [ RunTime:0.000000s ]
SQL: DELETE FROM `think_rule` WHERE ( id=53 ) [ RunTime:0.000000s ]
NOTIC: [2] Missing argument 3 for toJson(), called in D:\phpStudy\WWW\tp3.1\APP\Modules\Admin\Action\BaseAction.class.php on line 42 and defined D:\phpStudy\WWW\tp3.1\APP\Common\common.php 第 42 行.
NOTIC: [8] Undefined variable: data D:\phpStudy\WWW\tp3.1\APP\Common\common.php 第 44 行.

[ 2017-03-14T14:36:58+08:00 ] 127.0.0.1 /index.php/admin/rule/index.shtml
ERR: Action:dao您所请求的方法不存在！

[ 2017-03-14T14:46:19+08:00 ] 127.0.0.1 /index.php/admin/rule/del.shtml
INFO: [ app_begin ] --START--
INFO: ReadHtmlCache Behavior ::run [ RunTime:0.001000s ]
INFO: [ app_begin ] --END-- [ RunTime:0.001000s ]
NOTIC: [8192] mysql_connect(): The mysql extension is deprecated and will be removed in the future: use mysqli or PDO instead D:\phpStudy\WWW\tp3.1\tp\ThinkPHP\Lib\Driver\Db\DbMysql.class.php 第 55 行.
SQL: SHOW COLUMNS FROM `think_rule` [ RunTime:0.030000s ]
NOTIC: [8192] preg_replace(): The /e modifier is deprecated, use preg_replace_callback instead D:\phpStudy\WWW\tp3.1\tp\ThinkPHP\Lib\Core\Db.class.php 第 605 行.
SQL: SELECT * FROM `think_rule` WHERE ( `id` = 29 ) LIMIT 1   [ RunTime:0.000000s ]
SQL: DELETE FROM `think_rule` WHERE ( id=29 ) [ RunTime:0.000000s ]
NOTIC: [2] Missing argument 3 for toJson(), called in D:\phpStudy\WWW\tp3.1\APP\Modules\Admin\Action\BaseAction.class.php on line 42 and defined D:\phpStudy\WWW\tp3.1\APP\Common\common.php 第 42 行.
NOTIC: [8] Undefined variable: data D:\phpStudy\WWW\tp3.1\APP\Common\common.php 第 44 行.

[ 2017-03-14T14:46:26+08:00 ] 127.0.0.1 /index.php/admin/rule/del.shtml
INFO: [ app_begin ] --START--
INFO: ReadHtmlCache Behavior ::run [ RunTime:0.001000s ]
INFO: [ app_begin ] --END-- [ RunTime:0.001000s ]
NOTIC: [8192] mysql_connect(): The mysql extension is deprecated and will be removed in the future: use mysqli or PDO instead D:\phpStudy\WWW\tp3.1\tp\ThinkPHP\Lib\Driver\Db\DbMysql.class.php 第 55 行.
SQL: SHOW COLUMNS FROM `think_rule` [ RunTime:0.010000s ]
NOTIC: [8192] preg_replace(): The /e modifier is deprecated, use preg_replace_callback instead D:\phpStudy\WWW\tp3.1\tp\ThinkPHP\Lib\Core\Db.class.php 第 605 行.
SQL: SELECT * FROM `think_rule` WHERE ( `id` = 28 ) LIMIT 1   [ RunTime:0.010000s ]
SQL: DELETE FROM `think_rule` WHERE ( id=28 ) [ RunTime:0.000000s ]
NOTIC: [2] Missing argument 3 for toJson(), called in D:\phpStudy\WWW\tp3.1\APP\Modules\Admin\Action\BaseAction.class.php on line 42 and defined D:\phpStudy\WWW\tp3.1\APP\Common\common.php 第 42 行.
NOTIC: [8] Undefined variable: data D:\phpStudy\WWW\tp3.1\APP\Common\common.php 第 44 行.

[ 2017-03-14T14:46:30+08:00 ] 127.0.0.1 /index.php/admin/rule/del.shtml
INFO: [ app_begin ] --START--
INFO: ReadHtmlCache Behavior ::run [ RunTime:0.001000s ]
INFO: [ app_begin ] --END-- [ RunTime:0.001000s ]
NOTIC: [8192] mysql_connect(): The mysql extension is deprecated and will be removed in the future: use mysqli or PDO instead D:\phpStudy\WWW\tp3.1\tp\ThinkPHP\Lib\Driver\Db\DbMysql.class.php 第 55 行.
SQL: SHOW COLUMNS FROM `think_rule` [ RunTime:0.014000s ]
NOTIC: [8192] preg_replace(): The /e modifier is deprecated, use preg_replace_callback instead D:\phpStudy\WWW\tp3.1\tp\ThinkPHP\Lib\Core\Db.class.php 第 605 行.
SQL: SELECT * FROM `think_rule` WHERE ( `id` = 27 ) LIMIT 1   [ RunTime:0.000000s ]
SQL: DELETE FROM `think_rule` WHERE ( id=27 ) [ RunTime:0.000000s ]
NOTIC: [2] Missing argument 3 for toJson(), called in D:\phpStudy\WWW\tp3.1\APP\Modules\Admin\Action\BaseAction.class.php on line 42 and defined D:\phpStudy\WWW\tp3.1\APP\Common\common.php 第 42 行.
NOTIC: [8] Undefined variable: data D:\phpStudy\WWW\tp3.1\APP\Common\common.php 第 44 行.

[ 2017-03-14T14:46:33+08:00 ] 127.0.0.1 /index.php/admin/rule/del.shtml
INFO: [ app_begin ] --START--
INFO: ReadHtmlCache Behavior ::run [ RunTime:0.001000s ]
INFO: [ app_begin ] --END-- [ RunTime:0.001000s ]
NOTIC: [8192] mysql_connect(): The mysql extension is deprecated and will be removed in the future: use mysqli or PDO instead D:\phpStudy\WWW\tp3.1\tp\ThinkPHP\Lib\Driver\Db\DbMysql.class.php 第 55 行.
SQL: SHOW COLUMNS FROM `think_rule` [ RunTime:0.012001s ]
NOTIC: [8192] preg_replace(): The /e modifier is deprecated, use preg_replace_callback instead D:\phpStudy\WWW\tp3.1\tp\ThinkPHP\Lib\Core\Db.class.php 第 605 行.
SQL: SELECT * FROM `think_rule` WHERE ( `id` = 26 ) LIMIT 1   [ RunTime:0.000000s ]
SQL: DELETE FROM `think_rule` WHERE ( id=26 ) [ RunTime:0.000000s ]
NOTIC: [2] Missing argument 3 for toJson(), called in D:\phpStudy\WWW\tp3.1\APP\Modules\Admin\Action\BaseAction.class.php on line 42 and defined D:\phpStudy\WWW\tp3.1\APP\Common\common.php 第 42 行.
NOTIC: [8] Undefined variable: data D:\phpStudy\WWW\tp3.1\APP\Common\common.php 第 44 行.

[ 2017-03-14T14:46:37+08:00 ] 127.0.0.1 /index.php/admin/rule/del.shtml
INFO: [ app_begin ] --START--
INFO: ReadHtmlCache Behavior ::run [ RunTime:0.001000s ]
INFO: [ app_begin ] --END-- [ RunTime:0.001000s ]
NOTIC: [8192] mysql_connect(): The mysql extension is deprecated and will be removed in the future: use mysqli or PDO instead D:\phpStudy\WWW\tp3.1\tp\ThinkPHP\Lib\Driver\Db\DbMysql.class.php 第 55 行.
SQL: SHOW COLUMNS FROM `think_rule` [ RunTime:0.010000s ]
NOTIC: [8192] preg_replace(): The /e modifier is deprecated, use preg_replace_callback instead D:\phpStudy\WWW\tp3.1\tp\ThinkPHP\Lib\Core\Db.class.php 第 605 行.
SQL: SELECT * FROM `think_rule` WHERE ( `id` = 25 ) LIMIT 1   [ RunTime:0.000000s ]
SQL: DELETE FROM `think_rule` WHERE ( id=25 ) [ RunTime:0.000000s ]
NOTIC: [2] Missing argument 3 for toJson(), called in D:\phpStudy\WWW\tp3.1\APP\Modules\Admin\Action\BaseAction.class.php on line 42 and defined D:\phpStudy\WWW\tp3.1\APP\Common\common.php 第 42 行.
NOTIC: [8] Undefined variable: data D:\phpStudy\WWW\tp3.1\APP\Common\common.php 第 44 行.

[ 2017-03-14T14:46:41+08:00 ] 127.0.0.1 /index.php/admin/rule/del.shtml
INFO: [ app_begin ] --START--
INFO: ReadHtmlCache Behavior ::run [ RunTime:0.001000s ]
INFO: [ app_begin ] --END-- [ RunTime:0.001000s ]
NOTIC: [8192] mysql_connect(): The mysql extension is deprecated and will be removed in the future: use mysqli or PDO instead D:\phpStudy\WWW\tp3.1\tp\ThinkPHP\Lib\Driver\Db\DbMysql.class.php 第 55 行.
SQL: SHOW COLUMNS FROM `think_rule` [ RunTime:0.012001s ]
NOTIC: [8192] preg_replace(): The /e modifier is deprecated, use preg_replace_callback instead D:\phpStudy\WWW\tp3.1\tp\ThinkPHP\Lib\Core\Db.class.php 第 605 行.
SQL: SELECT * FROM `think_rule` WHERE ( `id` = 24 ) LIMIT 1   [ RunTime:0.001000s ]
SQL: DELETE FROM `think_rule` WHERE ( id=24 ) [ RunTime:0.001000s ]
NOTIC: [2] Missing argument 3 for toJson(), called in D:\phpStudy\WWW\tp3.1\APP\Modules\Admin\Action\BaseAction.class.php on line 42 and defined D:\phpStudy\WWW\tp3.1\APP\Common\common.php 第 42 行.
NOTIC: [8] Undefined variable: data D:\phpStudy\WWW\tp3.1\APP\Common\common.php 第 44 行.

[ 2017-03-14T14:46:44+08:00 ] 127.0.0.1 /index.php/admin/rule/del.shtml
INFO: [ app_begin ] --START--
INFO: ReadHtmlCache Behavior ::run [ RunTime:0.000000s ]
INFO: [ app_begin ] --END-- [ RunTime:0.000000s ]
NOTIC: [8192] mysql_connect(): The mysql extension is deprecated and will be removed in the future: use mysqli or PDO instead D:\phpStudy\WWW\tp3.1\tp\ThinkPHP\Lib\Driver\Db\DbMysql.class.php 第 55 行.
SQL: SHOW COLUMNS FROM `think_rule` [ RunTime:0.020000s ]
NOTIC: [8192] preg_replace(): The /e modifier is deprecated, use preg_replace_callback instead D:\phpStudy\WWW\tp3.1\tp\ThinkPHP\Lib\Core\Db.class.php 第 605 行.
SQL: SELECT * FROM `think_rule` WHERE ( `id` = 23 ) LIMIT 1   [ RunTime:0.000000s ]
SQL: DELETE FROM `think_rule` WHERE ( id=23 ) [ RunTime:0.000000s ]
NOTIC: [2] Missing argument 3 for toJson(), called in D:\phpStudy\WWW\tp3.1\APP\Modules\Admin\Action\BaseAction.class.php on line 42 and defined D:\phpStudy\WWW\tp3.1\APP\Common\common.php 第 42 行.
NOTIC: [8] Undefined variable: data D:\phpStudy\WWW\tp3.1\APP\Common\common.php 第 44 行.

[ 2017-03-14T14:46:50+08:00 ] 127.0.0.1 /index.php/admin/index/ds.shtml
ERR: 非法操作:ds

[ 2017-03-14T14:51:32+08:00 ] 127.0.0.1 /index.php/admin/rule/setStatus.shtml
INFO: [ app_begin ] --START--
INFO: ReadHtmlCache Behavior ::run [ RunTime:0.001000s ]
INFO: [ app_begin ] --END-- [ RunTime:0.001000s ]
NOTIC: [8192] mysql_connect(): The mysql extension is deprecated and will be removed in the future: use mysqli or PDO instead D:\phpStudy\WWW\tp3.1\tp\ThinkPHP\Lib\Driver\Db\DbMysql.class.php 第 55 行.
SQL: SHOW COLUMNS FROM `think_rule` [ RunTime:0.020000s ]
NOTIC: [8192] preg_replace(): The /e modifier is deprecated, use preg_replace_callback instead D:\phpStudy\WWW\tp3.1\tp\ThinkPHP\Lib\Core\Db.class.php 第 605 行.
SQL: SELECT * FROM `think_rule` WHERE ( `id` = 44 ) LIMIT 1   [ RunTime:0.000000s ]
SQL: UPDATE `think_rule` SET `status`=0 WHERE ( id=44 ) [ RunTime:0.000000s ]

[ 2017-03-14T14:51:37+08:00 ] 127.0.0.1 /index.php/admin/rule/del.shtml
INFO: [ app_begin ] --START--
INFO: ReadHtmlCache Behavior ::run [ RunTime:0.001000s ]
INFO: [ app_begin ] --END-- [ RunTime:0.001000s ]
NOTIC: [8192] mysql_connect(): The mysql extension is deprecated and will be removed in the future: use mysqli or PDO instead D:\phpStudy\WWW\tp3.1\tp\ThinkPHP\Lib\Driver\Db\DbMysql.class.php 第 55 行.
SQL: SHOW COLUMNS FROM `think_rule` [ RunTime:0.034000s ]
NOTIC: [8192] preg_replace(): The /e modifier is deprecated, use preg_replace_callback instead D:\phpStudy\WWW\tp3.1\tp\ThinkPHP\Lib\Core\Db.class.php 第 605 行.
SQL: SELECT * FROM `think_rule` WHERE ( `id` = 51 ) LIMIT 1   [ RunTime:0.002000s ]
SQL: DELETE FROM `think_rule` WHERE ( id=51 ) [ RunTime:0.001000s ]
NOTIC: [2] Missing argument 3 for toJson(), called in D:\phpStudy\WWW\tp3.1\APP\Modules\Admin\Action\BaseAction.class.php on line 42 and defined D:\phpStudy\WWW\tp3.1\APP\Common\common.php 第 42 行.
NOTIC: [8] Undefined variable: data D:\phpStudy\WWW\tp3.1\APP\Common\common.php 第 44 行.

[ 2017-03-14T14:51:46+08:00 ] 127.0.0.1 /index.php/admin/rule/del.shtml
INFO: [ app_begin ] --START--
INFO: ReadHtmlCache Behavior ::run [ RunTime:0.001000s ]
INFO: [ app_begin ] --END-- [ RunTime:0.001000s ]
NOTIC: [8192] mysql_connect(): The mysql extension is deprecated and will be removed in the future: use mysqli or PDO instead D:\phpStudy\WWW\tp3.1\tp\ThinkPHP\Lib\Driver\Db\DbMysql.class.php 第 55 行.
SQL: SHOW COLUMNS FROM `think_rule` [ RunTime:0.010000s ]
NOTIC: [8192] preg_replace(): The /e modifier is deprecated, use preg_replace_callback instead D:\phpStudy\WWW\tp3.1\tp\ThinkPHP\Lib\Core\Db.class.php 第 605 行.
SQL: SELECT * FROM `think_rule` WHERE ( `id` = 50 ) LIMIT 1   [ RunTime:0.000000s ]
SQL: DELETE FROM `think_rule` WHERE ( id=50 ) [ RunTime:0.000000s ]
NOTIC: [2] Missing argument 3 for toJson(), called in D:\phpStudy\WWW\tp3.1\APP\Modules\Admin\Action\BaseAction.class.php on line 42 and defined D:\phpStudy\WWW\tp3.1\APP\Common\common.php 第 42 行.
NOTIC: [8] Undefined variable: data D:\phpStudy\WWW\tp3.1\APP\Common\common.php 第 44 行.

[ 2017-03-14T15:46:08+08:00 ] 127.0.0.1 /statics/css/bootstrap.min.css.map
NOTIC: [8192] preg_replace(): The /e modifier is deprecated, use preg_replace_callback instead D:\phpStudy\WWW\tp3.1\tp\ThinkPHP\Common\common.php 第 217 行.
INFO: [ app_begin ] --START--
INFO: ReadHtmlCache Behavior ::run [ RunTime:0.000000s ]
INFO: [ app_begin ] --END-- [ RunTime:0.000000s ]
ERR: 无法加载模块:Statics

[ 2017-03-14T15:46:21+08:00 ] 127.0.0.1 /statics/css/bootstrap.min.css.map
NOTIC: [8192] preg_replace(): The /e modifier is deprecated, use preg_replace_callback instead D:\phpStudy\WWW\tp3.1\tp\ThinkPHP\Common\common.php 第 217 行.
INFO: [ app_begin ] --START--
INFO: ReadHtmlCache Behavior ::run [ RunTime:0.001000s ]
INFO: [ app_begin ] --END-- [ RunTime:0.001000s ]
ERR: 无法加载模块:Statics

[ 2017-03-14T15:48:13+08:00 ] 127.0.0.1 /statics/css/bootstrap.min.css.map
NOTIC: [8192] preg_replace(): The /e modifier is deprecated, use preg_replace_callback instead D:\phpStudy\WWW\tp3.1\tp\ThinkPHP\Common\common.php 第 217 行.
INFO: [ app_begin ] --START--
INFO: ReadHtmlCache Behavior ::run [ RunTime:0.000000s ]
INFO: [ app_begin ] --END-- [ RunTime:0.000000s ]
ERR: 无法加载模块:Statics

[ 2017-03-14T15:48:45+08:00 ] 127.0.0.1 /statics/css/bootstrap.min.css.map
NOTIC: [8192] preg_replace(): The /e modifier is deprecated, use preg_replace_callback instead D:\phpStudy\WWW\tp3.1\tp\ThinkPHP\Common\common.php 第 217 行.
INFO: [ app_begin ] --START--
INFO: ReadHtmlCache Behavior ::run [ RunTime:0.001000s ]
INFO: [ app_begin ] --END-- [ RunTime:0.001000s ]
ERR: 无法加载模块:Statics

[ 2017-03-14T15:49:10+08:00 ] 127.0.0.1 /statics/css/bootstrap.min.css.map
NOTIC: [8192] preg_replace(): The /e modifier is deprecated, use preg_replace_callback instead D:\phpStudy\WWW\tp3.1\tp\ThinkPHP\Common\common.php 第 217 行.
INFO: [ app_begin ] --START--
INFO: ReadHtmlCache Behavior ::run [ RunTime:0.000000s ]
INFO: [ app_begin ] --END-- [ RunTime:0.000000s ]
ERR: 无法加载模块:Statics

[ 2017-03-14T15:49:13+08:00 ] 127.0.0.1 /statics/css/bootstrap.min.css.map
NOTIC: [8192] preg_replace(): The /e modifier is deprecated, use preg_replace_callback instead D:\phpStudy\WWW\tp3.1\tp\ThinkPHP\Common\common.php 第 217 行.
INFO: [ app_begin ] --START--
INFO: ReadHtmlCache Behavior ::run [ RunTime:0.001000s ]
INFO: [ app_begin ] --END-- [ RunTime:0.002000s ]
ERR: 无法加载模块:Statics

[ 2017-03-14T15:49:18+08:00 ] 127.0.0.1 /statics/css/bootstrap.min.css.map
NOTIC: [8192] preg_replace(): The /e modifier is deprecated, use preg_replace_callback instead D:\phpStudy\WWW\tp3.1\tp\ThinkPHP\Common\common.php 第 217 行.
INFO: [ app_begin ] --START--
INFO: ReadHtmlCache Behavior ::run [ RunTime:0.001000s ]
INFO: [ app_begin ] --END-- [ RunTime:0.001000s ]
ERR: 无法加载模块:Statics

[ 2017-03-14T15:51:09+08:00 ] 127.0.0.1 /statics/css/bootstrap.min.css.map
NOTIC: [8192] preg_replace(): The /e modifier is deprecated, use preg_replace_callback instead D:\phpStudy\WWW\tp3.1\tp\ThinkPHP\Common\common.php 第 217 行.
INFO: [ app_begin ] --START--
INFO: ReadHtmlCache Behavior ::run [ RunTime:0.000000s ]
INFO: [ app_begin ] --END-- [ RunTime:0.001000s ]
ERR: 无法加载模块:Statics

[ 2017-03-14T15:51:12+08:00 ] 127.0.0.1 /statics/css/bootstrap.min.css.map
NOTIC: [8192] preg_replace(): The /e modifier is deprecated, use preg_replace_callback instead D:\phpStudy\WWW\tp3.1\tp\ThinkPHP\Common\common.php 第 217 行.
INFO: [ app_begin ] --START--
INFO: ReadHtmlCache Behavior ::run [ RunTime:0.000000s ]
INFO: [ app_begin ] --END-- [ RunTime:0.000000s ]
ERR: 无法加载模块:Statics

[ 2017-03-14T15:52:40+08:00 ] 127.0.0.1 /statics/css/bootstrap.min.css.map
NOTIC: [8192] preg_replace(): The /e modifier is deprecated, use preg_replace_callback instead D:\phpStudy\WWW\tp3.1\tp\ThinkPHP\Common\common.php 第 217 行.
INFO: [ app_begin ] --START--
INFO: ReadHtmlCache Behavior ::run [ RunTime:0.000000s ]
INFO: [ app_begin ] --END-- [ RunTime:0.000000s ]
ERR: 无法加载模块:Statics

[ 2017-03-14T15:55:24+08:00 ] 127.0.0.1 /statics/css/bootstrap.min.css.map
NOTIC: [8192] preg_replace(): The /e modifier is deprecated, use preg_replace_callback instead D:\phpStudy\WWW\tp3.1\tp\ThinkPHP\Common\common.php 第 217 行.
INFO: [ app_begin ] --START--
INFO: ReadHtmlCache Behavior ::run [ RunTime:0.000000s ]
INFO: [ app_begin ] --END-- [ RunTime:0.000000s ]
ERR: 无法加载模块:Statics

[ 2017-03-14T15:55:28+08:00 ] 127.0.0.1 /statics/css/bootstrap.min.css.map
NOTIC: [8192] preg_replace(): The /e modifier is deprecated, use preg_replace_callback instead D:\phpStudy\WWW\tp3.1\tp\ThinkPHP\Common\common.php 第 217 行.
INFO: [ app_begin ] --START--
INFO: ReadHtmlCache Behavior ::run [ RunTime:0.001000s ]
INFO: [ app_begin ] --END-- [ RunTime:0.001000s ]
ERR: 无法加载模块:Statics

[ 2017-03-14T15:55:46+08:00 ] 127.0.0.1 /statics/css/bootstrap.min.css.map
NOTIC: [8192] preg_replace(): The /e modifier is deprecated, use preg_replace_callback instead D:\phpStudy\WWW\tp3.1\tp\ThinkPHP\Common\common.php 第 217 行.
INFO: [ app_begin ] --START--
INFO: ReadHtmlCache Behavior ::run [ RunTime:0.000000s ]
INFO: [ app_begin ] --END-- [ RunTime:0.000000s ]
ERR: 无法加载模块:Statics

[ 2017-03-14T15:55:59+08:00 ] 127.0.0.1 /statics/css/bootstrap.min.css.map
NOTIC: [8192] preg_replace(): The /e modifier is deprecated, use preg_replace_callback instead D:\phpStudy\WWW\tp3.1\tp\ThinkPHP\Common\common.php 第 217 行.
INFO: [ app_begin ] --START--
INFO: ReadHtmlCache Behavior ::run [ RunTime:0.000000s ]
INFO: [ app_begin ] --END-- [ RunTime:0.000000s ]
ERR: 无法加载模块:Statics

[ 2017-03-14T15:58:22+08:00 ] 127.0.0.1 /statics/css/bootstrap.min.css.map
NOTIC: [8192] preg_replace(): The /e modifier is deprecated, use preg_replace_callback instead D:\phpStudy\WWW\tp3.1\tp\ThinkPHP\Common\common.php 第 217 行.
INFO: [ app_begin ] --START--
INFO: ReadHtmlCache Behavior ::run [ RunTime:0.001000s ]
INFO: [ app_begin ] --END-- [ RunTime:0.001000s ]
ERR: 无法加载模块:Statics

[ 2017-03-14T15:58:25+08:00 ] 127.0.0.1 /statics/css/bootstrap.min.css.map
NOTIC: [8192] preg_replace(): The /e modifier is deprecated, use preg_replace_callback instead D:\phpStudy\WWW\tp3.1\tp\ThinkPHP\Common\common.php 第 217 行.
INFO: [ app_begin ] --START--
INFO: ReadHtmlCache Behavior ::run [ RunTime:0.001000s ]
INFO: [ app_begin ] --END-- [ RunTime:0.001000s ]
ERR: 无法加载模块:Statics

[ 2017-03-14T16:07:45+08:00 ] 127.0.0.1 /statics/css/bootstrap.min.css.map
NOTIC: [8192] preg_replace(): The /e modifier is deprecated, use preg_replace_callback instead D:\phpStudy\WWW\tp3.1\tp\ThinkPHP\Common\common.php 第 217 行.
INFO: [ app_begin ] --START--
INFO: ReadHtmlCache Behavior ::run [ RunTime:0.000000s ]
INFO: [ app_begin ] --END-- [ RunTime:0.000000s ]
ERR: 无法加载模块:Statics

[ 2017-03-14T16:07:48+08:00 ] 127.0.0.1 /statics/css/bootstrap.min.css.map
NOTIC: [8192] preg_replace(): The /e modifier is deprecated, use preg_replace_callback instead D:\phpStudy\WWW\tp3.1\tp\ThinkPHP\Common\common.php 第 217 行.
INFO: [ app_begin ] --START--
INFO: ReadHtmlCache Behavior ::run [ RunTime:0.001000s ]
INFO: [ app_begin ] --END-- [ RunTime:0.001000s ]
ERR: 无法加载模块:Statics

[ 2017-03-14T16:08:34+08:00 ] 127.0.0.1 /statics/css/bootstrap.min.css.map
NOTIC: [8192] preg_replace(): The /e modifier is deprecated, use preg_replace_callback instead D:\phpStudy\WWW\tp3.1\tp\ThinkPHP\Common\common.php 第 217 行.
INFO: [ app_begin ] --START--
INFO: ReadHtmlCache Behavior ::run [ RunTime:0.000000s ]
INFO: [ app_begin ] --END-- [ RunTime:0.000000s ]
ERR: 无法加载模块:Statics

[ 2017-03-14T16:08:36+08:00 ] 127.0.0.1 /statics/css/bootstrap.min.css.map
NOTIC: [8192] preg_replace(): The /e modifier is deprecated, use preg_replace_callback instead D:\phpStudy\WWW\tp3.1\tp\ThinkPHP\Common\common.php 第 217 行.
INFO: [ app_begin ] --START--
INFO: ReadHtmlCache Behavior ::run [ RunTime:0.001000s ]
INFO: [ app_begin ] --END-- [ RunTime:0.001000s ]
ERR: 无法加载模块:Statics

[ 2017-03-14T16:08:55+08:00 ] 127.0.0.1 /statics/css/bootstrap.min.css.map
NOTIC: [8192] preg_replace(): The /e modifier is deprecated, use preg_replace_callback instead D:\phpStudy\WWW\tp3.1\tp\ThinkPHP\Common\common.php 第 217 行.
INFO: [ app_begin ] --START--
INFO: ReadHtmlCache Behavior ::run [ RunTime:0.000000s ]
INFO: [ app_begin ] --END-- [ RunTime:0.000000s ]
ERR: 无法加载模块:Statics

[ 2017-03-14T16:08:57+08:00 ] 127.0.0.1 /statics/css/bootstrap.min.css.map
NOTIC: [8192] preg_replace(): The /e modifier is deprecated, use preg_replace_callback instead D:\phpStudy\WWW\tp3.1\tp\ThinkPHP\Common\common.php 第 217 行.
INFO: [ app_begin ] --START--
INFO: ReadHtmlCache Behavior ::run [ RunTime:0.000000s ]
INFO: [ app_begin ] --END-- [ RunTime:0.000000s ]
ERR: 无法加载模块:Statics

