[ 2017-03-09T09:22:15+08:00 ] 127.0.0.1 /index.php/admin/rule/ming.html
ERR: 非法操作:ming.html

[ 2017-03-09T09:44:04+08:00 ] 127.0.0.1 /index.php/admin/group/index.shtml
ERR: 无法加载模块:Group

[ 2017-03-09T09:44:05+08:00 ] 127.0.0.1 /index.php/admin/configure/index.shtml
ERR: 无法加载模块:Configure

[ 2017-03-09T10:01:02+08:00 ] 127.0.0.1 /index.php/admin/admin/index.shtml
ERR: 无法加载模块:Admin

[ 2017-03-09T10:02:33+08:00 ] 127.0.0.1 /index.php/admin/network/index.shtml
ERR: 无法加载模块:Network

[ 2017-03-09T10:09:08+08:00 ] 127.0.0.1 /index.php/admin/admin/index.shtml
ERR: 无法加载模块:Admin

[ 2017-03-09T10:16:36+08:00 ] 127.0.0.1 /index.php/admin/rule/ming.html
ERR: 非法操作:ming.html

[ 2017-03-09T10:48:54+08:00 ] 127.0.0.1 /index.php/admin/admin/index.shtml
ERR: 无法加载模块:Admin

[ 2017-03-09T10:58:54+08:00 ] 127.0.0.1 /statics/css/bootstrap.min.css.map
NOTIC: [8192] preg_replace(): The /e modifier is deprecated, use preg_replace_callback instead D:\phpStudy\WWW\tp3.1\tp\ThinkPHP\Common\common.php 第 217 行.
INFO: [ app_begin ] --START--
INFO: ReadHtmlCache Behavior ::run [ RunTime:0.001000s ]
INFO: [ app_begin ] --END-- [ RunTime:0.001000s ]
ERR: 无法加载模块:Statics

[ 2017-03-09T10:59:23+08:00 ] 127.0.0.1 /statics/css/bootstrap.min.css.map
NOTIC: [8192] preg_replace(): The /e modifier is deprecated, use preg_replace_callback instead D:\phpStudy\WWW\tp3.1\tp\ThinkPHP\Common\common.php 第 217 行.
INFO: [ app_begin ] --START--
INFO: ReadHtmlCache Behavior ::run [ RunTime:0.000000s ]
INFO: [ app_begin ] --END-- [ RunTime:0.000000s ]
ERR: 无法加载模块:Statics

[ 2017-03-09T10:59:27+08:00 ] 127.0.0.1 /statics/css/bootstrap.min.css.map
NOTIC: [8192] preg_replace(): The /e modifier is deprecated, use preg_replace_callback instead D:\phpStudy\WWW\tp3.1\tp\ThinkPHP\Common\common.php 第 217 行.
INFO: [ app_begin ] --START--
INFO: ReadHtmlCache Behavior ::run [ RunTime:0.001000s ]
INFO: [ app_begin ] --END-- [ RunTime:0.001000s ]
ERR: 无法加载模块:Statics

[ 2017-03-09T10:59:56+08:00 ] 127.0.0.1 /statics/css/bootstrap.min.css.map
NOTIC: [8192] preg_replace(): The /e modifier is deprecated, use preg_replace_callback instead D:\phpStudy\WWW\tp3.1\tp\ThinkPHP\Common\common.php 第 217 行.
INFO: [ app_begin ] --START--
INFO: ReadHtmlCache Behavior ::run [ RunTime:0.000000s ]
INFO: [ app_begin ] --END-- [ RunTime:0.000000s ]
ERR: 无法加载模块:Statics

[ 2017-03-09T11:00:00+08:00 ] 127.0.0.1 /statics/css/bootstrap.min.css.map
NOTIC: [8192] preg_replace(): The /e modifier is deprecated, use preg_replace_callback instead D:\phpStudy\WWW\tp3.1\tp\ThinkPHP\Common\common.php 第 217 行.
INFO: [ app_begin ] --START--
INFO: ReadHtmlCache Behavior ::run [ RunTime:0.001000s ]
INFO: [ app_begin ] --END-- [ RunTime:0.001000s ]
ERR: 无法加载模块:Statics

[ 2017-03-09T11:03:15+08:00 ] 127.0.0.1 /statics/css/bootstrap.min.css.map
NOTIC: [8192] preg_replace(): The /e modifier is deprecated, use preg_replace_callback instead D:\phpStudy\WWW\tp3.1\tp\ThinkPHP\Common\common.php 第 217 行.
INFO: [ app_begin ] --START--
INFO: ReadHtmlCache Behavior ::run [ RunTime:0.000000s ]
INFO: [ app_begin ] --END-- [ RunTime:0.000000s ]
ERR: 无法加载模块:Statics

[ 2017-03-09T11:04:24+08:00 ] 127.0.0.1 /statics/css/bootstrap.min.css.map
NOTIC: [8192] preg_replace(): The /e modifier is deprecated, use preg_replace_callback instead D:\phpStudy\WWW\tp3.1\tp\ThinkPHP\Common\common.php 第 217 行.
INFO: [ app_begin ] --START--
INFO: ReadHtmlCache Behavior ::run [ RunTime:0.000000s ]
INFO: [ app_begin ] --END-- [ RunTime:0.000000s ]
ERR: 无法加载模块:Statics

[ 2017-03-09T11:04:27+08:00 ] 127.0.0.1 /statics/css/bootstrap.min.css.map
NOTIC: [8192] preg_replace(): The /e modifier is deprecated, use preg_replace_callback instead D:\phpStudy\WWW\tp3.1\tp\ThinkPHP\Common\common.php 第 217 行.
INFO: [ app_begin ] --START--
INFO: ReadHtmlCache Behavior ::run [ RunTime:0.001001s ]
INFO: [ app_begin ] --END-- [ RunTime:0.001001s ]
ERR: 无法加载模块:Statics

[ 2017-03-09T11:05:00+08:00 ] 127.0.0.1 /statics/css/bootstrap.min.css.map
NOTIC: [8192] preg_replace(): The /e modifier is deprecated, use preg_replace_callback instead D:\phpStudy\WWW\tp3.1\tp\ThinkPHP\Common\common.php 第 217 行.
INFO: [ app_begin ] --START--
INFO: ReadHtmlCache Behavior ::run [ RunTime:0.000000s ]
INFO: [ app_begin ] --END-- [ RunTime:0.000000s ]
ERR: 无法加载模块:Statics

[ 2017-03-09T11:05:06+08:00 ] 127.0.0.1 /statics/css/bootstrap.min.css.map
NOTIC: [8192] preg_replace(): The /e modifier is deprecated, use preg_replace_callback instead D:\phpStudy\WWW\tp3.1\tp\ThinkPHP\Common\common.php 第 217 行.
INFO: [ app_begin ] --START--
INFO: ReadHtmlCache Behavior ::run [ RunTime:0.000000s ]
INFO: [ app_begin ] --END-- [ RunTime:0.000000s ]
ERR: 无法加载模块:Statics

[ 2017-03-09T11:05:08+08:00 ] 127.0.0.1 /statics/css/bootstrap.min.css.map
NOTIC: [8192] preg_replace(): The /e modifier is deprecated, use preg_replace_callback instead D:\phpStudy\WWW\tp3.1\tp\ThinkPHP\Common\common.php 第 217 行.
INFO: [ app_begin ] --START--
INFO: ReadHtmlCache Behavior ::run [ RunTime:0.000000s ]
INFO: [ app_begin ] --END-- [ RunTime:0.000000s ]
ERR: 无法加载模块:Statics

[ 2017-03-09T11:05:11+08:00 ] 127.0.0.1 /statics/css/bootstrap.min.css.map
NOTIC: [8192] preg_replace(): The /e modifier is deprecated, use preg_replace_callback instead D:\phpStudy\WWW\tp3.1\tp\ThinkPHP\Common\common.php 第 217 行.
INFO: [ app_begin ] --START--
INFO: ReadHtmlCache Behavior ::run [ RunTime:0.000000s ]
INFO: [ app_begin ] --END-- [ RunTime:0.000000s ]
ERR: 无法加载模块:Statics

[ 2017-03-09T11:08:00+08:00 ] 127.0.0.1 /statics/css/bootstrap.min.css.map
NOTIC: [8192] preg_replace(): The /e modifier is deprecated, use preg_replace_callback instead D:\phpStudy\WWW\tp3.1\tp\ThinkPHP\Common\common.php 第 217 行.
INFO: [ app_begin ] --START--
INFO: ReadHtmlCache Behavior ::run [ RunTime:0.000000s ]
INFO: [ app_begin ] --END-- [ RunTime:0.000000s ]
ERR: 无法加载模块:Statics

[ 2017-03-09T11:08:02+08:00 ] 127.0.0.1 /index.php/admin/admin/index.shtml
ERR: 无法加载模块:Admin

[ 2017-03-09T11:08:04+08:00 ] 127.0.0.1 /statics/css/bootstrap.min.css.map
NOTIC: [8192] preg_replace(): The /e modifier is deprecated, use preg_replace_callback instead D:\phpStudy\WWW\tp3.1\tp\ThinkPHP\Common\common.php 第 217 行.
INFO: [ app_begin ] --START--
INFO: ReadHtmlCache Behavior ::run [ RunTime:0.000000s ]
INFO: [ app_begin ] --END-- [ RunTime:0.001000s ]
ERR: 无法加载模块:Statics

[ 2017-03-09T11:08:07+08:00 ] 127.0.0.1 /statics/css/bootstrap.min.css.map
NOTIC: [8192] preg_replace(): The /e modifier is deprecated, use preg_replace_callback instead D:\phpStudy\WWW\tp3.1\tp\ThinkPHP\Common\common.php 第 217 行.
INFO: [ app_begin ] --START--
INFO: ReadHtmlCache Behavior ::run [ RunTime:0.001000s ]
INFO: [ app_begin ] --END-- [ RunTime:0.001000s ]
ERR: 无法加载模块:Statics

[ 2017-03-09T11:08:49+08:00 ] 127.0.0.1 /statics/css/bootstrap.min.css.map
NOTIC: [8192] preg_replace(): The /e modifier is deprecated, use preg_replace_callback instead D:\phpStudy\WWW\tp3.1\tp\ThinkPHP\Common\common.php 第 217 行.
INFO: [ app_begin ] --START--
INFO: ReadHtmlCache Behavior ::run [ RunTime:0.000000s ]
INFO: [ app_begin ] --END-- [ RunTime:0.000000s ]
ERR: 无法加载模块:Statics

[ 2017-03-09T11:08:52+08:00 ] 127.0.0.1 /statics/css/bootstrap.min.css.map
NOTIC: [8192] preg_replace(): The /e modifier is deprecated, use preg_replace_callback instead D:\phpStudy\WWW\tp3.1\tp\ThinkPHP\Common\common.php 第 217 行.
INFO: [ app_begin ] --START--
INFO: ReadHtmlCache Behavior ::run [ RunTime:0.000000s ]
INFO: [ app_begin ] --END-- [ RunTime:0.000000s ]
ERR: 无法加载模块:Statics

[ 2017-03-09T11:08:54+08:00 ] 127.0.0.1 /statics/css/bootstrap.min.css.map
NOTIC: [8192] preg_replace(): The /e modifier is deprecated, use preg_replace_callback instead D:\phpStudy\WWW\tp3.1\tp\ThinkPHP\Common\common.php 第 217 行.
INFO: [ app_begin ] --START--
INFO: ReadHtmlCache Behavior ::run [ RunTime:0.000000s ]
INFO: [ app_begin ] --END-- [ RunTime:0.000000s ]
ERR: 无法加载模块:Statics

[ 2017-03-09T11:09:49+08:00 ] 127.0.0.1 /statics/css/bootstrap.min.css.map
NOTIC: [8192] preg_replace(): The /e modifier is deprecated, use preg_replace_callback instead D:\phpStudy\WWW\tp3.1\tp\ThinkPHP\Common\common.php 第 217 行.
INFO: [ app_begin ] --START--
INFO: ReadHtmlCache Behavior ::run [ RunTime:0.000000s ]
INFO: [ app_begin ] --END-- [ RunTime:0.000000s ]
ERR: 无法加载模块:Statics

[ 2017-03-09T11:09:52+08:00 ] 127.0.0.1 /statics/css/bootstrap.min.css.map
NOTIC: [8192] preg_replace(): The /e modifier is deprecated, use preg_replace_callback instead D:\phpStudy\WWW\tp3.1\tp\ThinkPHP\Common\common.php 第 217 行.
INFO: [ app_begin ] --START--
INFO: ReadHtmlCache Behavior ::run [ RunTime:0.001000s ]
INFO: [ app_begin ] --END-- [ RunTime:0.001000s ]
ERR: 无法加载模块:Statics

[ 2017-03-09T11:09:55+08:00 ] 127.0.0.1 /statics/css/bootstrap.min.css.map
NOTIC: [8192] preg_replace(): The /e modifier is deprecated, use preg_replace_callback instead D:\phpStudy\WWW\tp3.1\tp\ThinkPHP\Common\common.php 第 217 行.
INFO: [ app_begin ] --START--
INFO: ReadHtmlCache Behavior ::run [ RunTime:0.001000s ]
INFO: [ app_begin ] --END-- [ RunTime:0.001000s ]
ERR: 无法加载模块:Statics

[ 2017-03-09T14:29:11+08:00 ] 127.0.0.1 /
NOTIC: [8192] preg_replace(): The /e modifier is deprecated, use preg_replace_callback instead D:\phpStudy\WWW\tp3.1\tp\ThinkPHP\Common\common.php 第 217 行.
INFO: [ app_begin ] --START--
INFO: ReadHtmlCache Behavior ::run [ RunTime:0.001000s ]
INFO: [ app_begin ] --END-- [ RunTime:0.001000s ]
ERR: 模板不存在[../APP/Modules/Home/Tpl/mimi/D/\phpStudy\WWW\tp3.1\tp\ThinkPHP/Tpl/error.html.html]

[ 2017-03-09T14:29:15+08:00 ] 127.0.0.1 /statics/css/bootstrap.min.css.map
NOTIC: [8192] preg_replace(): The /e modifier is deprecated, use preg_replace_callback instead D:\phpStudy\WWW\tp3.1\tp\ThinkPHP\Common\common.php 第 217 行.
INFO: [ app_begin ] --START--
INFO: ReadHtmlCache Behavior ::run [ RunTime:0.001000s ]
INFO: [ app_begin ] --END-- [ RunTime:0.001000s ]
ERR: 无法加载模块:Statics

[ 2017-03-09T14:29:33+08:00 ] 127.0.0.1 /statics/css/bootstrap.min.css.map
NOTIC: [8192] preg_replace(): The /e modifier is deprecated, use preg_replace_callback instead D:\phpStudy\WWW\tp3.1\tp\ThinkPHP\Common\common.php 第 217 行.
INFO: [ app_begin ] --START--
INFO: ReadHtmlCache Behavior ::run [ RunTime:0.000000s ]
INFO: [ app_begin ] --END-- [ RunTime:0.000000s ]
ERR: 无法加载模块:Statics

[ 2017-03-09T14:29:41+08:00 ] 127.0.0.1 /statics/css/bootstrap.min.css.map
NOTIC: [8192] preg_replace(): The /e modifier is deprecated, use preg_replace_callback instead D:\phpStudy\WWW\tp3.1\tp\ThinkPHP\Common\common.php 第 217 行.
INFO: [ app_begin ] --START--
INFO: ReadHtmlCache Behavior ::run [ RunTime:0.000000s ]
INFO: [ app_begin ] --END-- [ RunTime:0.000000s ]
ERR: 无法加载模块:Statics

[ 2017-03-09T14:31:05+08:00 ] 127.0.0.1 /statics/css/bootstrap.min.css.map
NOTIC: [8192] preg_replace(): The /e modifier is deprecated, use preg_replace_callback instead D:\phpStudy\WWW\tp3.1\tp\ThinkPHP\Common\common.php 第 217 行.
INFO: [ app_begin ] --START--
INFO: ReadHtmlCache Behavior ::run [ RunTime:0.000000s ]
INFO: [ app_begin ] --END-- [ RunTime:0.000000s ]
ERR: 无法加载模块:Statics

[ 2017-03-09T14:31:07+08:00 ] 127.0.0.1 /statics/css/bootstrap.min.css.map
NOTIC: [8192] preg_replace(): The /e modifier is deprecated, use preg_replace_callback instead D:\phpStudy\WWW\tp3.1\tp\ThinkPHP\Common\common.php 第 217 行.
INFO: [ app_begin ] --START--
INFO: ReadHtmlCache Behavior ::run [ RunTime:0.001001s ]
INFO: [ app_begin ] --END-- [ RunTime:0.001001s ]
ERR: 无法加载模块:Statics

[ 2017-03-09T14:31:15+08:00 ] 127.0.0.1 /statics/css/bootstrap.min.css.map
NOTIC: [8192] preg_replace(): The /e modifier is deprecated, use preg_replace_callback instead D:\phpStudy\WWW\tp3.1\tp\ThinkPHP\Common\common.php 第 217 行.
INFO: [ app_begin ] --START--
INFO: ReadHtmlCache Behavior ::run [ RunTime:0.001000s ]
INFO: [ app_begin ] --END-- [ RunTime:0.001000s ]
ERR: 无法加载模块:Statics

[ 2017-03-09T14:31:18+08:00 ] 127.0.0.1 /statics/css/bootstrap.min.css.map
NOTIC: [8192] preg_replace(): The /e modifier is deprecated, use preg_replace_callback instead D:\phpStudy\WWW\tp3.1\tp\ThinkPHP\Common\common.php 第 217 行.
INFO: [ app_begin ] --START--
INFO: ReadHtmlCache Behavior ::run [ RunTime:0.000000s ]
INFO: [ app_begin ] --END-- [ RunTime:0.000000s ]
ERR: 无法加载模块:Statics

[ 2017-03-09T14:31:20+08:00 ] 127.0.0.1 /statics/css/bootstrap.min.css.map
NOTIC: [8192] preg_replace(): The /e modifier is deprecated, use preg_replace_callback instead D:\phpStudy\WWW\tp3.1\tp\ThinkPHP\Common\common.php 第 217 行.
INFO: [ app_begin ] --START--
INFO: ReadHtmlCache Behavior ::run [ RunTime:0.001000s ]
INFO: [ app_begin ] --END-- [ RunTime:0.001000s ]
ERR: 无法加载模块:Statics

[ 2017-03-09T14:31:45+08:00 ] 127.0.0.1 /index.php/admin/group/index.shtml
ERR: 无法加载模块:Group

[ 2017-03-09T14:35:08+08:00 ] 127.0.0.1 /
NOTIC: [8192] preg_replace(): The /e modifier is deprecated, use preg_replace_callback instead D:\phpStudy\WWW\tp3.1\tp\ThinkPHP\Common\common.php 第 217 行.
INFO: [ app_begin ] --START--
INFO: ReadHtmlCache Behavior ::run [ RunTime:0.000000s ]
INFO: [ app_begin ] --END-- [ RunTime:0.000000s ]
ERR: 模板不存在[../APP/Modules/Home/Tpl/mimi/D/\phpStudy\WWW\tp3.1\tp\ThinkPHP/Tpl/error.html.html]

[ 2017-03-09T14:35:31+08:00 ] 127.0.0.1 /admins
NOTIC: [8192] preg_replace(): The /e modifier is deprecated, use preg_replace_callback instead D:\phpStudy\WWW\tp3.1\tp\ThinkPHP\Common\common.php 第 217 行.
INFO: [ app_begin ] --START--
INFO: ReadHtmlCache Behavior ::run [ RunTime:0.000000s ]
INFO: [ app_begin ] --END-- [ RunTime:0.000000s ]
ERR: 无法加载模块:Admins

[ 2017-03-09T15:00:44+08:00 ] 127.0.0.1 /index.php/admin/group/index.shtml
ERR: 无法加载模块:Group

[ 2017-03-09T15:21:11+08:00 ] 127.0.0.1 /index.php/admin/admin/index.shtml
ERR: 无法加载模块:Admin

[ 2017-03-09T15:22:10+08:00 ] 127.0.0.1 /index.php/admin.com
NOTIC: [8192] preg_replace(): The /e modifier is deprecated, use preg_replace_callback instead D:\phpStudy\WWW\tp3.1\tp\ThinkPHP\Common\common.php 第 217 行.
INFO: [ app_begin ] --START--
INFO: ReadHtmlCache Behavior ::run [ RunTime:0.000000s ]
INFO: [ app_begin ] --END-- [ RunTime:0.000000s ]
NOTIC: [8] Undefined variable: group D:\phpStudy\WWW\tp3.1\tp\ThinkPHP\Lib\Core\App.class.php 第 102 行.
ERR: 无法加载模块:Admin.com

[ 2017-03-09T15:23:15+08:00 ] 127.0.0.1 /index.php/admin/configure/index.shtml
ERR: 无法加载模块:Configure

[ 2017-03-09T15:54:41+08:00 ] 127.0.0.1 /statics/js/plugins/messages_zh.min.js
NOTIC: [8192] preg_replace(): The /e modifier is deprecated, use preg_replace_callback instead D:\phpStudy\WWW\tp3.1\tp\ThinkPHP\Common\common.php 第 217 行.
INFO: [ app_begin ] --START--
INFO: ReadHtmlCache Behavior ::run [ RunTime:0.001000s ]
INFO: [ app_begin ] --END-- [ RunTime:0.001000s ]
ERR: 无法加载模块:Statics

[ 2017-03-09T15:54:42+08:00 ] 127.0.0.1 /statics/js/plugins/jquery.validate.min.js
NOTIC: [8192] preg_replace(): The /e modifier is deprecated, use preg_replace_callback instead D:\phpStudy\WWW\tp3.1\tp\ThinkPHP\Common\common.php 第 217 行.
INFO: [ app_begin ] --START--
INFO: ReadHtmlCache Behavior ::run [ RunTime:0.000000s ]
INFO: [ app_begin ] --END-- [ RunTime:0.000000s ]
ERR: 无法加载模块:Statics

[ 2017-03-09T15:54:46+08:00 ] 127.0.0.1 /statics/js/plugins/messages_zh.min.js
NOTIC: [8192] preg_replace(): The /e modifier is deprecated, use preg_replace_callback instead D:\phpStudy\WWW\tp3.1\tp\ThinkPHP\Common\common.php 第 217 行.
INFO: [ app_begin ] --START--
INFO: ReadHtmlCache Behavior ::run [ RunTime:0.001000s ]
INFO: [ app_begin ] --END-- [ RunTime:0.001000s ]
ERR: 无法加载模块:Statics

[ 2017-03-09T15:54:47+08:00 ] 127.0.0.1 /statics/js/plugins/jquery.validate.min.js
NOTIC: [8192] preg_replace(): The /e modifier is deprecated, use preg_replace_callback instead D:\phpStudy\WWW\tp3.1\tp\ThinkPHP\Common\common.php 第 217 行.
INFO: [ app_begin ] --START--
INFO: ReadHtmlCache Behavior ::run [ RunTime:0.000000s ]
INFO: [ app_begin ] --END-- [ RunTime:0.000000s ]
ERR: 无法加载模块:Statics

[ 2017-03-09T15:55:06+08:00 ] 127.0.0.1 /statics/js/plugins/messages_zh.min.js
NOTIC: [8192] preg_replace(): The /e modifier is deprecated, use preg_replace_callback instead D:\phpStudy\WWW\tp3.1\tp\ThinkPHP\Common\common.php 第 217 行.
INFO: [ app_begin ] --START--
INFO: ReadHtmlCache Behavior ::run [ RunTime:0.001000s ]
INFO: [ app_begin ] --END-- [ RunTime:0.001000s ]
ERR: 无法加载模块:Statics

[ 2017-03-09T16:05:11+08:00 ] 127.0.0.1 /index.php/admin/network/index.shtml
ERR: 无法加载模块:Network

[ 2017-03-09T16:34:21+08:00 ] 127.0.0.1 /statics/css/bootstrap.min.css.map
NOTIC: [8192] preg_replace(): The /e modifier is deprecated, use preg_replace_callback instead D:\phpStudy\WWW\tp3.1\tp\ThinkPHP\Common\common.php 第 217 行.
INFO: [ app_begin ] --START--
INFO: ReadHtmlCache Behavior ::run [ RunTime:0.000000s ]
INFO: [ app_begin ] --END-- [ RunTime:0.000000s ]
ERR: 无法加载模块:Statics

[ 2017-03-09T16:37:21+08:00 ] 127.0.0.1 /statics/css/bootstrap.min.css.map
NOTIC: [8192] preg_replace(): The /e modifier is deprecated, use preg_replace_callback instead D:\phpStudy\WWW\tp3.1\tp\ThinkPHP\Common\common.php 第 217 行.
INFO: [ app_begin ] --START--
INFO: ReadHtmlCache Behavior ::run [ RunTime:0.000000s ]
INFO: [ app_begin ] --END-- [ RunTime:0.000000s ]
ERR: 无法加载模块:Statics

[ 2017-03-09T16:44:22+08:00 ] 127.0.0.1 /statics/css/bootstrap.min.css.map
NOTIC: [8192] preg_replace(): The /e modifier is deprecated, use preg_replace_callback instead D:\phpStudy\WWW\tp3.1\tp\ThinkPHP\Common\common.php 第 217 行.
INFO: [ app_begin ] --START--
INFO: ReadHtmlCache Behavior ::run [ RunTime:0.000000s ]
INFO: [ app_begin ] --END-- [ RunTime:0.000000s ]
ERR: 无法加载模块:Statics

[ 2017-03-09T16:44:24+08:00 ] 127.0.0.1 /statics/css/bootstrap.min.css.map
NOTIC: [8192] preg_replace(): The /e modifier is deprecated, use preg_replace_callback instead D:\phpStudy\WWW\tp3.1\tp\ThinkPHP\Common\common.php 第 217 行.
INFO: [ app_begin ] --START--
INFO: ReadHtmlCache Behavior ::run [ RunTime:0.001000s ]
INFO: [ app_begin ] --END-- [ RunTime:0.001000s ]
ERR: 无法加载模块:Statics

[ 2017-03-09T16:44:51+08:00 ] 127.0.0.1 /statics/css/bootstrap.min.css.map
NOTIC: [8192] preg_replace(): The /e modifier is deprecated, use preg_replace_callback instead D:\phpStudy\WWW\tp3.1\tp\ThinkPHP\Common\common.php 第 217 行.
INFO: [ app_begin ] --START--
INFO: ReadHtmlCache Behavior ::run [ RunTime:0.000000s ]
INFO: [ app_begin ] --END-- [ RunTime:0.000000s ]
ERR: 无法加载模块:Statics

[ 2017-03-09T16:47:44+08:00 ] 127.0.0.1 /statics/css/bootstrap.min.css.map
NOTIC: [8192] preg_replace(): The /e modifier is deprecated, use preg_replace_callback instead D:\phpStudy\WWW\tp3.1\tp\ThinkPHP\Common\common.php 第 217 行.
INFO: [ app_begin ] --START--
INFO: ReadHtmlCache Behavior ::run [ RunTime:0.000000s ]
INFO: [ app_begin ] --END-- [ RunTime:0.001000s ]
ERR: 无法加载模块:Statics

[ 2017-03-09T17:14:51+08:00 ] 127.0.0.1 /statics/css/bootstrap.min.css.map
NOTIC: [8192] preg_replace(): The /e modifier is deprecated, use preg_replace_callback instead D:\phpStudy\WWW\tp3.1\tp\ThinkPHP\Common\common.php 第 217 行.
INFO: [ app_begin ] --START--
INFO: ReadHtmlCache Behavior ::run [ RunTime:0.000000s ]
INFO: [ app_begin ] --END-- [ RunTime:0.000000s ]
ERR: 无法加载模块:Statics

[ 2017-03-09T17:18:01+08:00 ] 127.0.0.1 /statics/css/bootstrap.min.css.map
NOTIC: [8192] preg_replace(): The /e modifier is deprecated, use preg_replace_callback instead D:\phpStudy\WWW\tp3.1\tp\ThinkPHP\Common\common.php 第 217 行.
INFO: [ app_begin ] --START--
INFO: ReadHtmlCache Behavior ::run [ RunTime:0.000000s ]
INFO: [ app_begin ] --END-- [ RunTime:0.000000s ]
ERR: 无法加载模块:Statics

[ 2017-03-09T17:18:06+08:00 ] 127.0.0.1 /statics/css/bootstrap.min.css.map
NOTIC: [8192] preg_replace(): The /e modifier is deprecated, use preg_replace_callback instead D:\phpStudy\WWW\tp3.1\tp\ThinkPHP\Common\common.php 第 217 行.
INFO: [ app_begin ] --START--
INFO: ReadHtmlCache Behavior ::run [ RunTime:0.000000s ]
INFO: [ app_begin ] --END-- [ RunTime:0.000000s ]
ERR: 无法加载模块:Statics

[ 2017-03-09T17:18:18+08:00 ] 127.0.0.1 /statics/css/bootstrap.min.css.map
NOTIC: [8192] preg_replace(): The /e modifier is deprecated, use preg_replace_callback instead D:\phpStudy\WWW\tp3.1\tp\ThinkPHP\Common\common.php 第 217 行.
INFO: [ app_begin ] --START--
INFO: ReadHtmlCache Behavior ::run [ RunTime:0.000000s ]
INFO: [ app_begin ] --END-- [ RunTime:0.001000s ]
ERR: 无法加载模块:Statics

[ 2017-03-09T17:19:07+08:00 ] 127.0.0.1 /statics/css/bootstrap.min.css.map
NOTIC: [8192] preg_replace(): The /e modifier is deprecated, use preg_replace_callback instead D:\phpStudy\WWW\tp3.1\tp\ThinkPHP\Common\common.php 第 217 行.
INFO: [ app_begin ] --START--
INFO: ReadHtmlCache Behavior ::run [ RunTime:0.001000s ]
INFO: [ app_begin ] --END-- [ RunTime:0.001000s ]
ERR: 无法加载模块:Statics

[ 2017-03-09T17:20:12+08:00 ] 127.0.0.1 /statics/css/bootstrap.min.css.map
NOTIC: [8192] preg_replace(): The /e modifier is deprecated, use preg_replace_callback instead D:\phpStudy\WWW\tp3.1\tp\ThinkPHP\Common\common.php 第 217 行.
INFO: [ app_begin ] --START--
INFO: ReadHtmlCache Behavior ::run [ RunTime:0.001000s ]
INFO: [ app_begin ] --END-- [ RunTime:0.001000s ]
ERR: 无法加载模块:Statics

[ 2017-03-09T17:21:27+08:00 ] 127.0.0.1 /statics/css/bootstrap.min.css.map
NOTIC: [8192] preg_replace(): The /e modifier is deprecated, use preg_replace_callback instead D:\phpStudy\WWW\tp3.1\tp\ThinkPHP\Common\common.php 第 217 行.
INFO: [ app_begin ] --START--
INFO: ReadHtmlCache Behavior ::run [ RunTime:0.001000s ]
INFO: [ app_begin ] --END-- [ RunTime:0.001000s ]
ERR: 无法加载模块:Statics

[ 2017-03-09T17:21:57+08:00 ] 127.0.0.1 /statics/css/bootstrap.min.css.map
NOTIC: [8192] preg_replace(): The /e modifier is deprecated, use preg_replace_callback instead D:\phpStudy\WWW\tp3.1\tp\ThinkPHP\Common\common.php 第 217 行.
INFO: [ app_begin ] --START--
INFO: ReadHtmlCache Behavior ::run [ RunTime:0.001000s ]
INFO: [ app_begin ] --END-- [ RunTime:0.001000s ]
ERR: 无法加载模块:Statics

[ 2017-03-09T17:22:49+08:00 ] 127.0.0.1 /statics/css/bootstrap.min.css.map
NOTIC: [8192] preg_replace(): The /e modifier is deprecated, use preg_replace_callback instead D:\phpStudy\WWW\tp3.1\tp\ThinkPHP\Common\common.php 第 217 行.
INFO: [ app_begin ] --START--
INFO: ReadHtmlCache Behavior ::run [ RunTime:0.000000s ]
INFO: [ app_begin ] --END-- [ RunTime:0.000000s ]
ERR: 无法加载模块:Statics

[ 2017-03-09T17:23:58+08:00 ] 127.0.0.1 /statics/css/bootstrap.min.css.map
NOTIC: [8192] preg_replace(): The /e modifier is deprecated, use preg_replace_callback instead D:\phpStudy\WWW\tp3.1\tp\ThinkPHP\Common\common.php 第 217 行.
INFO: [ app_begin ] --START--
INFO: ReadHtmlCache Behavior ::run [ RunTime:0.000000s ]
INFO: [ app_begin ] --END-- [ RunTime:0.000000s ]
ERR: 无法加载模块:Statics

[ 2017-03-09T17:24:50+08:00 ] 127.0.0.1 /statics/css/bootstrap.min.css.map
NOTIC: [8192] preg_replace(): The /e modifier is deprecated, use preg_replace_callback instead D:\phpStudy\WWW\tp3.1\tp\ThinkPHP\Common\common.php 第 217 行.
INFO: [ app_begin ] --START--
INFO: ReadHtmlCache Behavior ::run [ RunTime:0.000000s ]
INFO: [ app_begin ] --END-- [ RunTime:0.000000s ]
ERR: 无法加载模块:Statics

[ 2017-03-09T17:25:49+08:00 ] 127.0.0.1 /statics/css/bootstrap.min.css.map
NOTIC: [8192] preg_replace(): The /e modifier is deprecated, use preg_replace_callback instead D:\phpStudy\WWW\tp3.1\tp\ThinkPHP\Common\common.php 第 217 行.
INFO: [ app_begin ] --START--
INFO: ReadHtmlCache Behavior ::run [ RunTime:0.000000s ]
INFO: [ app_begin ] --END-- [ RunTime:0.000000s ]
ERR: 无法加载模块:Statics

[ 2017-03-09T17:25:53+08:00 ] 127.0.0.1 /statics/css/bootstrap.min.css.map
NOTIC: [8192] preg_replace(): The /e modifier is deprecated, use preg_replace_callback instead D:\phpStudy\WWW\tp3.1\tp\ThinkPHP\Common\common.php 第 217 行.
INFO: [ app_begin ] --START--
INFO: ReadHtmlCache Behavior ::run [ RunTime:0.000000s ]
INFO: [ app_begin ] --END-- [ RunTime:0.000000s ]
ERR: 无法加载模块:Statics

