[ 2017-03-04T16:35:02+08:00 ] ERR: (ThinkException) 模板不存在[../APP/Modules/Admin/Tpl/Index/index.html]
[ 2017-03-04T16:40:11+08:00 ] ERR: (ThinkException) 无法加载模块:Css
[ 2017-03-04T16:40:11+08:00 ] ERR: (ThinkException) 无法加载模块:Js
[ 2017-03-04T16:40:11+08:00 ] ERR: (ThinkException) 无法加载模块:Js
[ 2017-03-04T16:40:11+08:00 ] ERR: (ThinkException) 无法加载模块:Js
[ 2017-03-04T16:40:11+08:00 ] ERR: (ThinkException) 无法加载模块:Js
[ 2017-03-04T16:40:11+08:00 ] ERR: (ThinkException) 无法加载模块:Js
[ 2017-03-04T16:40:11+08:00 ] ERR: (ThinkException) 无法加载模块:Js
[ 2017-03-04T16:40:12+08:00 ] ERR: (ThinkException) 无法加载模块:Css
[ 2017-03-04T16:40:12+08:00 ] ERR: (ThinkException) 无法加载模块:Js
[ 2017-03-04T16:40:12+08:00 ] ERR: (ThinkException) 无法加载模块:Css
[ 2017-03-04T16:40:12+08:00 ] ERR: (ThinkException) 无法加载模块:Js
[ 2017-03-04T16:40:12+08:00 ] ERR: (ThinkException) 无法加载模块:Css
[ 2017-03-04T16:40:12+08:00 ] ERR: (ThinkException) 无法加载模块:Img
[ 2017-03-04T16:44:20+08:00 ] ERR: (ThinkException) 无法加载模块:Css
[ 2017-03-04T16:44:20+08:00 ] ERR: (ThinkException) 无法加载模块:Css
[ 2017-03-04T16:44:20+08:00 ] ERR: (ThinkException) 无法加载模块:Js
[ 2017-03-04T16:44:20+08:00 ] ERR: (ThinkException) 无法加载模块:Js
[ 2017-03-04T16:44:20+08:00 ] ERR: (ThinkException) 无法加载模块:Js
[ 2017-03-04T16:44:20+08:00 ] ERR: (ThinkException) 无法加载模块:Js
[ 2017-03-04T16:44:20+08:00 ] ERR: (ThinkException) 无法加载模块:Js
[ 2017-03-04T16:44:20+08:00 ] ERR: (ThinkException) 无法加载模块:Js
[ 2017-03-04T16:44:20+08:00 ] ERR: (ThinkException) 无法加载模块:Js
[ 2017-03-04T16:44:20+08:00 ] ERR: (ThinkException) 无法加载模块:Js
[ 2017-03-04T16:44:21+08:00 ] ERR: (ThinkException) 无法加载模块:Css
[ 2017-03-04T16:44:21+08:00 ] ERR: (ThinkException) 无法加载模块:Img
[ 2017-03-04T16:45:31+08:00 ] ERR: (ThinkException) 无法加载模块:Css
[ 2017-03-04T16:45:31+08:00 ] ERR: (ThinkException) 无法加载模块:Css
[ 2017-03-04T16:45:31+08:00 ] ERR: (ThinkException) 无法加载模块:Css
[ 2017-03-04T16:45:31+08:00 ] ERR: (ThinkException) 无法加载模块:Js
[ 2017-03-04T16:45:31+08:00 ] ERR: (ThinkException) 无法加载模块:Js
[ 2017-03-04T16:45:31+08:00 ] ERR: (ThinkException) 无法加载模块:Js
[ 2017-03-04T16:45:31+08:00 ] ERR: (ThinkException) 无法加载模块:Js
[ 2017-03-04T16:45:31+08:00 ] ERR: (ThinkException) 无法加载模块:Js
[ 2017-03-04T16:45:31+08:00 ] ERR: (ThinkException) 无法加载模块:Js
[ 2017-03-04T16:45:31+08:00 ] ERR: (ThinkException) 无法加载模块:Js
[ 2017-03-04T16:45:31+08:00 ] ERR: (ThinkException) 无法加载模块:Img
[ 2017-03-04T16:45:32+08:00 ] ERR: (ThinkException) 无法加载模块:Js
[ 2017-03-04T16:45:59+08:00 ] ERR: (ThinkException) 无法加载模块:Js
[ 2017-03-04T16:45:59+08:00 ] ERR: (ThinkException) 无法加载模块:Css
[ 2017-03-04T16:45:59+08:00 ] ERR: (ThinkException) 无法加载模块:Css
[ 2017-03-04T16:45:59+08:00 ] ERR: (ThinkException) 无法加载模块:Css
[ 2017-03-04T16:45:59+08:00 ] ERR: (ThinkException) 无法加载模块:Js
[ 2017-03-04T16:45:59+08:00 ] ERR: (ThinkException) 无法加载模块:Js
[ 2017-03-04T16:45:59+08:00 ] ERR: (ThinkException) 无法加载模块:Js
[ 2017-03-04T16:45:59+08:00 ] ERR: (ThinkException) 无法加载模块:Js
[ 2017-03-04T16:45:59+08:00 ] ERR: (ThinkException) 无法加载模块:Js
[ 2017-03-04T16:45:59+08:00 ] ERR: (ThinkException) 无法加载模块:Img
[ 2017-03-04T16:45:59+08:00 ] ERR: (ThinkException) 无法加载模块:Js
[ 2017-03-04T16:46:00+08:00 ] ERR: (ThinkException) 无法加载模块:Js
[ 2017-03-04T16:46:18+08:00 ] ERR: (ThinkException) 无法加载模块:Img
[ 2017-03-04T16:46:23+08:00 ] ERR: (ThinkException) 无法加载模块:Img
[ 2017-03-04T16:46:31+08:00 ] ERR: (ThinkException) 无法加载模块:TableDataTables.html
[ 2017-03-04T16:46:32+08:00 ] ERR: (ThinkException) 无法加载模块:TableJqgrid.html
[ 2017-03-04T16:46:32+08:00 ] ERR: (ThinkException) 无法加载模块:TableFooTable.html
[ 2017-03-04T16:46:33+08:00 ] ERR: (ThinkException) 无法加载模块:TableBootstrap.html
[ 2017-03-04T16:48:40+08:00 ] ERR: (ThinkException) 无法加载模块:Public
[ 2017-03-04T16:48:40+08:00 ] ERR: (ThinkException) 无法加载模块:Img
[ 2017-03-04T16:48:42+08:00 ] ERR: (ThinkException) 无法加载模块:Public
[ 2017-03-04T16:48:42+08:00 ] ERR: (ThinkException) 无法加载模块:Img
[ 2017-03-04T16:49:33+08:00 ] ERR: (ThinkException) 无法加载模块:Public
[ 2017-03-04T16:49:33+08:00 ] ERR: (ThinkException) 无法加载模块:Img
[ 2017-03-04T16:52:22+08:00 ] ERR: (ThinkException) 无法加载模块:Public
[ 2017-03-04T16:52:22+08:00 ] ERR: (ThinkException) 无法加载模块:Img
[ 2017-03-04T16:52:49+08:00 ] ERR: (ThinkException) 无法加载模块:Public
[ 2017-03-04T16:52:49+08:00 ] ERR: (ThinkException) 无法加载模块:Img
[ 2017-03-04T16:57:06+08:00 ] ERR: (ThinkException) 无法加载模块:Public
[ 2017-03-04T16:57:06+08:00 ] ERR: (ThinkException) 无法加载模块:Img
[ 2017-03-04T16:57:16+08:00 ] ERR: (ThinkException) 无法加载模块:Public
[ 2017-03-04T16:57:16+08:00 ] ERR: (ThinkException) 无法加载模块:Img
[ 2017-03-04T16:59:18+08:00 ] ERR: (ThinkException) 无法加载模块:Static
[ 2017-03-04T16:59:18+08:00 ] ERR: (ThinkException) 无法加载模块:Static
[ 2017-03-04T16:59:18+08:00 ] ERR: (ThinkException) 无法加载模块:Static
[ 2017-03-04T16:59:18+08:00 ] ERR: (ThinkException) 无法加载模块:Static
[ 2017-03-04T16:59:18+08:00 ] ERR: (ThinkException) 无法加载模块:Static
[ 2017-03-04T16:59:18+08:00 ] ERR: (ThinkException) 无法加载模块:Static
[ 2017-03-04T16:59:18+08:00 ] ERR: (ThinkException) 无法加载模块:Static
[ 2017-03-04T16:59:19+08:00 ] ERR: (ThinkException) 无法加载模块:Static
[ 2017-03-04T16:59:19+08:00 ] ERR: (ThinkException) 无法加载模块:Static
[ 2017-03-04T16:59:19+08:00 ] ERR: (ThinkException) 无法加载模块:Static
[ 2017-03-04T16:59:19+08:00 ] ERR: (ThinkException) 无法加载模块:Static
[ 2017-03-04T16:59:19+08:00 ] ERR: (ThinkException) 无法加载模块:Static
[ 2017-03-04T16:59:19+08:00 ] ERR: (ThinkException) 无法加载模块:Img
[ 2017-03-04T17:00:00+08:00 ] ERR: (ThinkException) 无法加载模块:Img
[ 2017-03-04T17:01:24+08:00 ] ERR: (ThinkException) 无法加载模块:Img
[ 2017-03-04T17:01:29+08:00 ] ERR: (ThinkException) 无法加载模块:Img
[ 2017-03-04T17:01:41+08:00 ] ERR: (ThinkException) 无法加载模块:Img
[ 2017-03-04T17:04:36+08:00 ] ERR: (ThinkException) 无法加载模块:Img
[ 2017-03-04T17:07:01+08:00 ] ERR: (ThinkException) 无法加载模块:Img
[ 2017-03-04T17:08:50+08:00 ] ERR: (ThinkException) 无法加载模块:Img
[ 2017-03-04T17:09:53+08:00 ] ERR: (ThinkException) 无法加载模块:TableJqgrid.html
[ 2017-03-04T17:13:19+08:00 ] ERR: (ThinkException) 无法加载模块:Statics
[ 2017-03-04T17:25:02+08:00 ] ERR: (ThinkException) 无法加载模块:Statics
[ 2017-03-04T17:25:02+08:00 ] ERR: (ThinkException) 无法加载模块:Statics
[ 2017-03-04T17:25:02+08:00 ] ERR: (ThinkException) 无法加载模块:Statics
[ 2017-03-04T17:25:02+08:00 ] ERR: (ThinkException) 无法加载模块:Statics
[ 2017-03-04T17:25:02+08:00 ] ERR: (ThinkException) 无法加载模块:Statics
[ 2017-03-04T17:25:02+08:00 ] ERR: (ThinkException) 无法加载模块:Statics
[ 2017-03-04T17:25:02+08:00 ] ERR: (ThinkException) 无法加载模块:Statics
[ 2017-03-04T17:25:03+08:00 ] ERR: (ThinkException) 无法加载模块:Statics
[ 2017-03-04T17:25:03+08:00 ] ERR: (ThinkException) 无法加载模块:Statics
[ 2017-03-04T17:25:03+08:00 ] ERR: (ThinkException) 无法加载模块:Statics
[ 2017-03-04T17:25:03+08:00 ] ERR: (ThinkException) 无法加载模块:Statics
[ 2017-03-04T17:25:03+08:00 ] ERR: (ThinkException) 无法加载模块:Statics
[ 2017-03-04T17:25:03+08:00 ] ERR: (ThinkException) 无法加载模块:Statics
[ 2017-03-04T17:27:49+08:00 ] ERR: (ThinkException) 非法操作:ming
[ 2017-03-04T17:28:07+08:00 ] ERR: (ThinkException) 无法加载模块:TableDataTables.html
[ 2017-03-04T17:32:28+08:00 ] ERR: (ThinkException) 无法加载模块:Statics
[ 2017-03-04T17:32:42+08:00 ] ERR: (ThinkException) 无法加载模块:Statics
[ 2017-03-04T17:33:10+08:00 ] ERR: (ThinkException) 无法加载模块:Statics
[ 2017-03-04T17:34:57+08:00 ] ERR: (ThinkException) 无法加载模块:Statics
[ 2017-03-04T17:35:07+08:00 ] ERR: (ThinkException) 无法加载模块:Statics
[ 2017-03-04T17:35:16+08:00 ] ERR: (ThinkException) 无法加载模块:Statics
[ 2017-03-04T17:35:22+08:00 ] ERR: (ThinkException) 无法加载模块:Statics
[ 2017-03-04T22:52:00+08:00 ] ERR: (ThinkException) 无法加载模块:Statics
[ 2017-03-04T22:55:31+08:00 ] ERR: (ThinkException) 无法加载模块:TableBootstrap.html
[ 2017-03-04T22:55:37+08:00 ] ERR: (ThinkException) 无法加载模块:TableJqgrid.html
[ 2017-03-04T22:55:38+08:00 ] ERR: (ThinkException) 无法加载模块:TableDataTables.html
[ 2017-03-04T22:57:03+08:00 ] ERR: (ThinkException) 无法加载模块:Statics
[ 2017-03-04T22:57:11+08:00 ] ERR: (ThinkException) 无法加载模块:Statics
[ 2017-03-04T22:59:59+08:00 ] ERR: (ThinkException) 无法加载模块:Statics
[ 2017-03-04T23:29:59+08:00 ] ERR: (ThinkException) 无法加载模块:TableBootstrap.html
[ 2017-03-04T23:29:59+08:00 ] ERR: (ThinkException) 无法加载模块:TableFooTable.html
[ 2017-03-04T23:30:00+08:00 ] ERR: (ThinkException) 无法加载模块:TableJqgrid.html
[ 2017-03-04T23:30:00+08:00 ] ERR: (ThinkException) 无法加载模块:TableDataTables.html
[ 2017-03-04T23:57:26+08:00 ] ERR: (ThinkException) 无法加载模块:Order
[ 2017-03-04T23:59:01+08:00 ] ERR: (ThinkException) 无法加载模块:Order
[ 2017-03-04T23:59:21+08:00 ] ERR: (ThinkException) 无法加载模块:Order
[ 2017-03-04T23:59:26+08:00 ] ERR: (ThinkException) 无法加载模块:Goods
[ 2017-03-04T23:59:28+08:00 ] ERR: (ThinkException) 无法加载模块:Category
[ 2017-03-04T23:59:29+08:00 ] ERR: (ThinkException) 无法加载模块:Order
